--------------------------------- Version Log ----------------------------------
Version                                 Path
System Generator 13.3                   /scratch/Xilinx/13.3/ISE_DS/ISE/sysgen
Matlab 7.10.0.499 (R2010a)              /scratch/mathworks/R2010a
ISE                                     /scratch/Xilinx/13.3/ISE_DS/ISE
--------------------------------------------------------------------------------
Summary of Errors:
Error 0001: Illegal parameterization: Width of slice (number of bits)
     Block: 'baopoco/dir_x0/dd/c_to_ri1/slice_re'
Error 0002: Incorrect slice end point
     Block: 'baopoco/dir_x0/dd/c_to_ri1/slice_re'
--------------------------------------------------------------------------------

Error 0001:

Reported by:
  'baopoco/dir_x0/dd/c_to_ri1/slice_re'

Details:
Width of slice (number of bits) is set to a value of 18, but the
value must be less than or equal to 8.  The input signal
bit-width, 8, determines the upper bound for the width of the slice.
Error occurred during "Rate and Type Error Checking".

--------------------------------------------------------------------------------

Error 0001:

Reported by:
  'baopoco/dir_x0/dd/c_to_ri1/slice_re'

Details:
Slice endpoints must lie between the LSB and MSB
Error occurred during "Rate and Type Error Checking".

--------------------------------------------------------------------------------
