Release 11.5 - platgen Xilinx EDK 11.5 Build EDK_LS5.70
 (lin64)
Copyright (c) 1995-2009 Xilinx, Inc.  All rights reserved.

Command Line: platgen -p xc5vsx95tff1136-1 -lang vhdl -msg
__xps/ise/xmsgprops.lst system.mhs 

Parse /scratch/zaki/workspace/baopoco/XPS_ROACH_base/system.mhs ...

Read MPD definitions ...
WARNING:EDK:1582 - IPNAME:opb_v20 INSTANCE:opb0 -
   /scratch/zaki/workspace/baopoco/XPS_ROACH_base/system.mhs line 103 -
   deprecated core for architecture 'virtex5sx'!
WARNING:EDK:1582 - IPNAME:opb_bram_if_cntlr INSTANCE:baopoco_dir_x0_aa_real -
   /scratch/zaki/workspace/baopoco/XPS_ROACH_base/system.mhs line 709 -
   deprecated core for architecture 'virtex5sx'!
WARNING:EDK:1582 - IPNAME:opb_bram_if_cntlr INSTANCE:baopoco_dir_x0_aa1_real -
   /scratch/zaki/workspace/baopoco/XPS_ROACH_base/system.mhs line 740 -
   deprecated core for architecture 'virtex5sx'!
WARNING:EDK:1582 - IPNAME:opb_bram_if_cntlr INSTANCE:baopoco_dir_x0_aa2_real -
   /scratch/zaki/workspace/baopoco/XPS_ROACH_base/system.mhs line 771 -
   deprecated core for architecture 'virtex5sx'!
WARNING:EDK:1582 - IPNAME:opb_bram_if_cntlr INSTANCE:baopoco_dir_x0_aa3_real -
   /scratch/zaki/workspace/baopoco/XPS_ROACH_base/system.mhs line 802 -
   deprecated core for architecture 'virtex5sx'!
WARNING:EDK:1582 - IPNAME:opb_bram_if_cntlr INSTANCE:baopoco_dir_x0_ab_imag -
   /scratch/zaki/workspace/baopoco/XPS_ROACH_base/system.mhs line 833 -
   deprecated core for architecture 'virtex5sx'!
WARNING:EDK:1582 - IPNAME:opb_bram_if_cntlr INSTANCE:baopoco_dir_x0_ab_real -
   /scratch/zaki/workspace/baopoco/XPS_ROACH_base/system.mhs line 864 -
   deprecated core for architecture 'virtex5sx'!
WARNING:EDK:1582 - IPNAME:opb_bram_if_cntlr INSTANCE:baopoco_dir_x0_ac_imag -
   /scratch/zaki/workspace/baopoco/XPS_ROACH_base/system.mhs line 895 -
   deprecated core for architecture 'virtex5sx'!
WARNING:EDK:1582 - IPNAME:opb_bram_if_cntlr INSTANCE:baopoco_dir_x0_ac_real -
   /scratch/zaki/workspace/baopoco/XPS_ROACH_base/system.mhs line 926 -
   deprecated core for architecture 'virtex5sx'!
WARNING:EDK:1582 - IPNAME:opb_bram_if_cntlr INSTANCE:baopoco_dir_x0_ac1_imag -
   /scratch/zaki/workspace/baopoco/XPS_ROACH_base/system.mhs line 957 -
   deprecated core for architecture 'virtex5sx'!
WARNING:EDK:1582 - IPNAME:opb_bram_if_cntlr INSTANCE:baopoco_dir_x0_ac1_real -
   /scratch/zaki/workspace/baopoco/XPS_ROACH_base/system.mhs line 988 -
   deprecated core for architecture 'virtex5sx'!
WARNING:EDK:1582 - IPNAME:opb_bram_if_cntlr INSTANCE:baopoco_dir_x0_ac2_imag -
   /scratch/zaki/workspace/baopoco/XPS_ROACH_base/system.mhs line 1019 -
   deprecated core for architecture 'virtex5sx'!
WARNING:EDK:1582 - IPNAME:opb_bram_if_cntlr INSTANCE:baopoco_dir_x0_ac2_real -
   /scratch/zaki/workspace/baopoco/XPS_ROACH_base/system.mhs line 1050 -
   deprecated core for architecture 'virtex5sx'!
WARNING:EDK:1582 - IPNAME:opb_bram_if_cntlr INSTANCE:baopoco_dir_x0_ac3_imag -
   /scratch/zaki/workspace/baopoco/XPS_ROACH_base/system.mhs line 1081 -
   deprecated core for architecture 'virtex5sx'!
WARNING:EDK:1582 - IPNAME:opb_bram_if_cntlr INSTANCE:baopoco_dir_x0_ac3_real -
   /scratch/zaki/workspace/baopoco/XPS_ROACH_base/system.mhs line 1112 -
   deprecated core for architecture 'virtex5sx'!
WARNING:EDK:1582 - IPNAME:opb_bram_if_cntlr INSTANCE:baopoco_dir_x0_ad_imag -
   /scratch/zaki/workspace/baopoco/XPS_ROACH_base/system.mhs line 1143 -
   deprecated core for architecture 'virtex5sx'!
WARNING:EDK:1582 - IPNAME:opb_bram_if_cntlr INSTANCE:baopoco_dir_x0_ad_real -
   /scratch/zaki/workspace/baopoco/XPS_ROACH_base/system.mhs line 1174 -
   deprecated core for architecture 'virtex5sx'!
WARNING:EDK:1582 - IPNAME:opb_bram_if_cntlr INSTANCE:baopoco_dir_x1_aa_real -
   /scratch/zaki/workspace/baopoco/XPS_ROACH_base/system.mhs line 1205 -
   deprecated core for architecture 'virtex5sx'!
WARNING:EDK:1582 - IPNAME:opb_bram_if_cntlr INSTANCE:baopoco_dir_x1_aa1_real -
   /scratch/zaki/workspace/baopoco/XPS_ROACH_base/system.mhs line 1236 -
   deprecated core for architecture 'virtex5sx'!
WARNING:EDK:1582 - IPNAME:opb_bram_if_cntlr INSTANCE:baopoco_dir_x1_aa2_real -
   /scratch/zaki/workspace/baopoco/XPS_ROACH_base/system.mhs line 1267 -
   deprecated core for architecture 'virtex5sx'!
WARNING:EDK:1582 - IPNAME:opb_bram_if_cntlr INSTANCE:baopoco_dir_x1_aa3_real -
   /scratch/zaki/workspace/baopoco/XPS_ROACH_base/system.mhs line 1298 -
   deprecated core for architecture 'virtex5sx'!
WARNING:EDK:1582 - IPNAME:opb_bram_if_cntlr INSTANCE:baopoco_dir_x1_ab_imag -
   /scratch/zaki/workspace/baopoco/XPS_ROACH_base/system.mhs line 1329 -
   deprecated core for architecture 'virtex5sx'!
WARNING:EDK:1582 - IPNAME:opb_bram_if_cntlr INSTANCE:baopoco_dir_x1_ab_real -
   /scratch/zaki/workspace/baopoco/XPS_ROACH_base/system.mhs line 1360 -
   deprecated core for architecture 'virtex5sx'!
WARNING:EDK:1582 - IPNAME:opb_bram_if_cntlr INSTANCE:baopoco_dir_x1_ac_imag -
   /scratch/zaki/workspace/baopoco/XPS_ROACH_base/system.mhs line 1391 -
   deprecated core for architecture 'virtex5sx'!
WARNING:EDK:1582 - IPNAME:opb_bram_if_cntlr INSTANCE:baopoco_dir_x1_ac_real -
   /scratch/zaki/workspace/baopoco/XPS_ROACH_base/system.mhs line 1422 -
   deprecated core for architecture 'virtex5sx'!
WARNING:EDK:1582 - IPNAME:opb_bram_if_cntlr INSTANCE:baopoco_dir_x1_ac1_imag -
   /scratch/zaki/workspace/baopoco/XPS_ROACH_base/system.mhs line 1453 -
   deprecated core for architecture 'virtex5sx'!
WARNING:EDK:1582 - IPNAME:opb_bram_if_cntlr INSTANCE:baopoco_dir_x1_ac1_real -
   /scratch/zaki/workspace/baopoco/XPS_ROACH_base/system.mhs line 1484 -
   deprecated core for architecture 'virtex5sx'!
WARNING:EDK:1582 - IPNAME:opb_bram_if_cntlr INSTANCE:baopoco_dir_x1_ac2_imag -
   /scratch/zaki/workspace/baopoco/XPS_ROACH_base/system.mhs line 1515 -
   deprecated core for architecture 'virtex5sx'!
WARNING:EDK:1582 - IPNAME:opb_bram_if_cntlr INSTANCE:baopoco_dir_x1_ac2_real -
   /scratch/zaki/workspace/baopoco/XPS_ROACH_base/system.mhs line 1546 -
   deprecated core for architecture 'virtex5sx'!
WARNING:EDK:1582 - IPNAME:opb_bram_if_cntlr INSTANCE:baopoco_dir_x1_ac3_imag -
   /scratch/zaki/workspace/baopoco/XPS_ROACH_base/system.mhs line 1577 -
   deprecated core for architecture 'virtex5sx'!
WARNING:EDK:1582 - IPNAME:opb_bram_if_cntlr INSTANCE:baopoco_dir_x1_ac3_real -
   /scratch/zaki/workspace/baopoco/XPS_ROACH_base/system.mhs line 1608 -
   deprecated core for architecture 'virtex5sx'!
WARNING:EDK:1582 - IPNAME:opb_bram_if_cntlr INSTANCE:baopoco_dir_x1_ad_imag -
   /scratch/zaki/workspace/baopoco/XPS_ROACH_base/system.mhs line 1639 -
   deprecated core for architecture 'virtex5sx'!
WARNING:EDK:1582 - IPNAME:opb_bram_if_cntlr INSTANCE:baopoco_dir_x1_ad_real -
   /scratch/zaki/workspace/baopoco/XPS_ROACH_base/system.mhs line 1670 -
   deprecated core for architecture 'virtex5sx'!
WARNING:EDK:1582 - IPNAME:opb_v20 INSTANCE:opb1 -
   /scratch/zaki/workspace/baopoco/XPS_ROACH_base/system.mhs line 1862 -
   deprecated core for architecture 'virtex5sx'!
WARNING:EDK:1582 - IPNAME:opb_opb_lite INSTANCE:opb2opb_bridge_opb1 -
   /scratch/zaki/workspace/baopoco/XPS_ROACH_base/system.mhs line 1870 -
   deprecated core for architecture 'virtex5sx'!
WARNING:EDK:1582 - IPNAME:opb_v20 INSTANCE:opb0 -
   /scratch/zaki/workspace/baopoco/XPS_ROACH_base/system.mhs line 103 -
   deprecated core for architecture 'virtex5sx'!
WARNING:EDK:1582 - IPNAME:opb_bram_if_cntlr INSTANCE:baopoco_dir_x0_aa_real -
   /scratch/zaki/workspace/baopoco/XPS_ROACH_base/system.mhs line 709 -
   deprecated core for architecture 'virtex5sx'!
WARNING:EDK:1582 - IPNAME:opb_bram_if_cntlr INSTANCE:baopoco_dir_x0_aa1_real -
   /scratch/zaki/workspace/baopoco/XPS_ROACH_base/system.mhs line 740 -
   deprecated core for architecture 'virtex5sx'!
WARNING:EDK:1582 - IPNAME:opb_bram_if_cntlr INSTANCE:baopoco_dir_x0_aa2_real -
   /scratch/zaki/workspace/baopoco/XPS_ROACH_base/system.mhs line 771 -
   deprecated core for architecture 'virtex5sx'!
WARNING:EDK:1582 - IPNAME:opb_bram_if_cntlr INSTANCE:baopoco_dir_x0_aa3_real -
   /scratch/zaki/workspace/baopoco/XPS_ROACH_base/system.mhs line 802 -
   deprecated core for architecture 'virtex5sx'!
WARNING:EDK:1582 - IPNAME:opb_bram_if_cntlr INSTANCE:baopoco_dir_x0_ab_imag -
   /scratch/zaki/workspace/baopoco/XPS_ROACH_base/system.mhs line 833 -
   deprecated core for architecture 'virtex5sx'!
WARNING:EDK:1582 - IPNAME:opb_bram_if_cntlr INSTANCE:baopoco_dir_x0_ab_real -
   /scratch/zaki/workspace/baopoco/XPS_ROACH_base/system.mhs line 864 -
   deprecated core for architecture 'virtex5sx'!
WARNING:EDK:1582 - IPNAME:opb_bram_if_cntlr INSTANCE:baopoco_dir_x0_ac_imag -
   /scratch/zaki/workspace/baopoco/XPS_ROACH_base/system.mhs line 895 -
   deprecated core for architecture 'virtex5sx'!
WARNING:EDK:1582 - IPNAME:opb_bram_if_cntlr INSTANCE:baopoco_dir_x0_ac_real -
   /scratch/zaki/workspace/baopoco/XPS_ROACH_base/system.mhs line 926 -
   deprecated core for architecture 'virtex5sx'!
WARNING:EDK:1582 - IPNAME:opb_bram_if_cntlr INSTANCE:baopoco_dir_x0_ac1_imag -
   /scratch/zaki/workspace/baopoco/XPS_ROACH_base/system.mhs line 957 -
   deprecated core for architecture 'virtex5sx'!
WARNING:EDK:1582 - IPNAME:opb_bram_if_cntlr INSTANCE:baopoco_dir_x0_ac1_real -
   /scratch/zaki/workspace/baopoco/XPS_ROACH_base/system.mhs line 988 -
   deprecated core for architecture 'virtex5sx'!
WARNING:EDK:1582 - IPNAME:opb_bram_if_cntlr INSTANCE:baopoco_dir_x0_ac2_imag -
   /scratch/zaki/workspace/baopoco/XPS_ROACH_base/system.mhs line 1019 -
   deprecated core for architecture 'virtex5sx'!
WARNING:EDK:1582 - IPNAME:opb_bram_if_cntlr INSTANCE:baopoco_dir_x0_ac2_real -
   /scratch/zaki/workspace/baopoco/XPS_ROACH_base/system.mhs line 1050 -
   deprecated core for architecture 'virtex5sx'!
WARNING:EDK:1582 - IPNAME:opb_bram_if_cntlr INSTANCE:baopoco_dir_x0_ac3_imag -
   /scratch/zaki/workspace/baopoco/XPS_ROACH_base/system.mhs line 1081 -
   deprecated core for architecture 'virtex5sx'!
WARNING:EDK:1582 - IPNAME:opb_bram_if_cntlr INSTANCE:baopoco_dir_x0_ac3_real -
   /scratch/zaki/workspace/baopoco/XPS_ROACH_base/system.mhs line 1112 -
   deprecated core for architecture 'virtex5sx'!
WARNING:EDK:1582 - IPNAME:opb_bram_if_cntlr INSTANCE:baopoco_dir_x0_ad_imag -
   /scratch/zaki/workspace/baopoco/XPS_ROACH_base/system.mhs line 1143 -
   deprecated core for architecture 'virtex5sx'!
WARNING:EDK:1582 - IPNAME:opb_bram_if_cntlr INSTANCE:baopoco_dir_x0_ad_real -
   /scratch/zaki/workspace/baopoco/XPS_ROACH_base/system.mhs line 1174 -
   deprecated core for architecture 'virtex5sx'!
WARNING:EDK:1582 - IPNAME:opb_bram_if_cntlr INSTANCE:baopoco_dir_x1_aa_real -
   /scratch/zaki/workspace/baopoco/XPS_ROACH_base/system.mhs line 1205 -
   deprecated core for architecture 'virtex5sx'!
WARNING:EDK:1582 - IPNAME:opb_bram_if_cntlr INSTANCE:baopoco_dir_x1_aa1_real -
   /scratch/zaki/workspace/baopoco/XPS_ROACH_base/system.mhs line 1236 -
   deprecated core for architecture 'virtex5sx'!
WARNING:EDK:1582 - IPNAME:opb_bram_if_cntlr INSTANCE:baopoco_dir_x1_aa2_real -
   /scratch/zaki/workspace/baopoco/XPS_ROACH_base/system.mhs line 1267 -
   deprecated core for architecture 'virtex5sx'!
WARNING:EDK:1582 - IPNAME:opb_bram_if_cntlr INSTANCE:baopoco_dir_x1_aa3_real -
   /scratch/zaki/workspace/baopoco/XPS_ROACH_base/system.mhs line 1298 -
   deprecated core for architecture 'virtex5sx'!
WARNING:EDK:1582 - IPNAME:opb_bram_if_cntlr INSTANCE:baopoco_dir_x1_ab_imag -
   /scratch/zaki/workspace/baopoco/XPS_ROACH_base/system.mhs line 1329 -
   deprecated core for architecture 'virtex5sx'!
WARNING:EDK:1582 - IPNAME:opb_bram_if_cntlr INSTANCE:baopoco_dir_x1_ab_real -
   /scratch/zaki/workspace/baopoco/XPS_ROACH_base/system.mhs line 1360 -
   deprecated core for architecture 'virtex5sx'!
WARNING:EDK:1582 - IPNAME:opb_bram_if_cntlr INSTANCE:baopoco_dir_x1_ac_imag -
   /scratch/zaki/workspace/baopoco/XPS_ROACH_base/system.mhs line 1391 -
   deprecated core for architecture 'virtex5sx'!
WARNING:EDK:1582 - IPNAME:opb_bram_if_cntlr INSTANCE:baopoco_dir_x1_ac_real -
   /scratch/zaki/workspace/baopoco/XPS_ROACH_base/system.mhs line 1422 -
   deprecated core for architecture 'virtex5sx'!
WARNING:EDK:1582 - IPNAME:opb_bram_if_cntlr INSTANCE:baopoco_dir_x1_ac1_imag -
   /scratch/zaki/workspace/baopoco/XPS_ROACH_base/system.mhs line 1453 -
   deprecated core for architecture 'virtex5sx'!
WARNING:EDK:1582 - IPNAME:opb_bram_if_cntlr INSTANCE:baopoco_dir_x1_ac1_real -
   /scratch/zaki/workspace/baopoco/XPS_ROACH_base/system.mhs line 1484 -
   deprecated core for architecture 'virtex5sx'!
WARNING:EDK:1582 - IPNAME:opb_bram_if_cntlr INSTANCE:baopoco_dir_x1_ac2_imag -
   /scratch/zaki/workspace/baopoco/XPS_ROACH_base/system.mhs line 1515 -
   deprecated core for architecture 'virtex5sx'!
WARNING:EDK:1582 - IPNAME:opb_bram_if_cntlr INSTANCE:baopoco_dir_x1_ac2_real -
   /scratch/zaki/workspace/baopoco/XPS_ROACH_base/system.mhs line 1546 -
   deprecated core for architecture 'virtex5sx'!
WARNING:EDK:1582 - IPNAME:opb_bram_if_cntlr INSTANCE:baopoco_dir_x1_ac3_imag -
   /scratch/zaki/workspace/baopoco/XPS_ROACH_base/system.mhs line 1577 -
   deprecated core for architecture 'virtex5sx'!
WARNING:EDK:1582 - IPNAME:opb_bram_if_cntlr INSTANCE:baopoco_dir_x1_ac3_real -
   /scratch/zaki/workspace/baopoco/XPS_ROACH_base/system.mhs line 1608 -
   deprecated core for architecture 'virtex5sx'!
WARNING:EDK:1582 - IPNAME:opb_bram_if_cntlr INSTANCE:baopoco_dir_x1_ad_imag -
   /scratch/zaki/workspace/baopoco/XPS_ROACH_base/system.mhs line 1639 -
   deprecated core for architecture 'virtex5sx'!
WARNING:EDK:1582 - IPNAME:opb_bram_if_cntlr INSTANCE:baopoco_dir_x1_ad_real -
   /scratch/zaki/workspace/baopoco/XPS_ROACH_base/system.mhs line 1670 -
   deprecated core for architecture 'virtex5sx'!
WARNING:EDK:1582 - IPNAME:opb_v20 INSTANCE:opb1 -
   /scratch/zaki/workspace/baopoco/XPS_ROACH_base/system.mhs line 1862 -
   deprecated core for architecture 'virtex5sx'!
WARNING:EDK:1582 - IPNAME:opb_opb_lite INSTANCE:opb2opb_bridge_opb1 -
   /scratch/zaki/workspace/baopoco/XPS_ROACH_base/system.mhs line 1870 -
   deprecated core for architecture 'virtex5sx'!

Overriding IP level properties ...

Performing IP level DRCs on properties...

Running DRC Tcl procedures for OPTION IPLEVEL_DRC_PROC...
Address Map for Processor epb_opb_bridge_inst
  (0000000000-0x0000ffff) sys_block_inst	opb0
  (0x00020000-0x0002ffff) opb_adccontroller_0	opb0
  (0x01000000-0x010000ff) baopoco_acc_len	opb0
  (0x01000100-0x010001ff) baopoco_acc_num	opb0
  (0x01000200-0x010002ff) baopoco_adc_sum0	opb0
  (0x01000300-0x010003ff) baopoco_adc_sum1	opb0
  (0x01000400-0x010004ff) baopoco_adc_sum2	opb0
  (0x01000500-0x010005ff) baopoco_adc_sum3	opb0
  (0x01000600-0x010006ff) baopoco_adc_sum_sq0	opb0
  (0x01000700-0x010007ff) baopoco_adc_sum_sq1	opb0
  (0x01000800-0x010008ff) baopoco_adc_sum_sq2	opb0
  (0x01000900-0x010009ff) baopoco_adc_sum_sq3	opb0
  (0x01000a00-0x01000aff) baopoco_ctrl	opb0
  (0x01001000-0x01001fff) baopoco_dir_x0_aa_real	opb0
  (0x01002000-0x01002fff) baopoco_dir_x0_aa1_real	opb0
  (0x01003000-0x01003fff) baopoco_dir_x0_aa2_real	opb0
  (0x01004000-0x01004fff) baopoco_dir_x0_aa3_real	opb0
  (0x01005000-0x01005fff) baopoco_dir_x0_ab_imag	opb0
  (0x01006000-0x01006fff) baopoco_dir_x0_ab_real	opb0
  (0x01007000-0x01007fff) baopoco_dir_x0_ac_imag	opb0
  (0x01008000-0x01008fff) baopoco_dir_x0_ac_real	opb0
  (0x01009000-0x01009fff) baopoco_dir_x0_ac1_imag	opb0
  (0x0100a000-0x0100afff) baopoco_dir_x0_ac1_real	opb0
  (0x0100b000-0x0100bfff) baopoco_dir_x0_ac2_imag	opb0
  (0x0100c000-0x0100cfff) baopoco_dir_x0_ac2_real	opb0
  (0x0100d000-0x0100dfff) baopoco_dir_x0_ac3_imag	opb0
  (0x0100e000-0x0100efff) baopoco_dir_x0_ac3_real	opb0
  (0x0100f000-0x0100ffff) baopoco_dir_x0_ad_imag	opb0
  (0x01010000-0x01010fff) baopoco_dir_x0_ad_real	opb0
  (0x01011000-0x01011fff) baopoco_dir_x1_aa_real	opb0
  (0x01012000-0x01012fff) baopoco_dir_x1_aa1_real	opb0
  (0x01013000-0x01013fff) baopoco_dir_x1_aa2_real	opb0
  (0x01080000-0x01080fff)
baopoco_dir_x1_aa3_real	opb0->opb2opb_bridge_opb1->opb1
  (0x01081000-0x01081fff) baopoco_dir_x1_ab_imag	opb0->opb2opb_bridge_opb1->opb1
  (0x01082000-0x01082fff) baopoco_dir_x1_ab_real	opb0->opb2opb_bridge_opb1->opb1
  (0x01083000-0x01083fff) baopoco_dir_x1_ac_imag	opb0->opb2opb_bridge_opb1->opb1
  (0x01084000-0x01084fff) baopoco_dir_x1_ac_real	opb0->opb2opb_bridge_opb1->opb1
  (0x01085000-0x01085fff)
baopoco_dir_x1_ac1_imag	opb0->opb2opb_bridge_opb1->opb1
  (0x01086000-0x01086fff)
baopoco_dir_x1_ac1_real	opb0->opb2opb_bridge_opb1->opb1
  (0x01087000-0x01087fff)
baopoco_dir_x1_ac2_imag	opb0->opb2opb_bridge_opb1->opb1
  (0x01088000-0x01088fff)
baopoco_dir_x1_ac2_real	opb0->opb2opb_bridge_opb1->opb1
  (0x01089000-0x01089fff)
baopoco_dir_x1_ac3_imag	opb0->opb2opb_bridge_opb1->opb1
  (0x0108a000-0x0108afff)
baopoco_dir_x1_ac3_real	opb0->opb2opb_bridge_opb1->opb1
  (0x0108b000-0x0108bfff) baopoco_dir_x1_ad_imag	opb0->opb2opb_bridge_opb1->opb1
  (0x0108c000-0x0108cfff) baopoco_dir_x1_ad_real	opb0->opb2opb_bridge_opb1->opb1
  (0x0108d000-0x0108d0ff) baopoco_fft_shift	opb0->opb2opb_bridge_opb1->opb1
  (0x0108d100-0x0108d1ff) baopoco_quant0_addr	opb0->opb2opb_bridge_opb1->opb1
  (0x0108d200-0x0108d2ff) baopoco_quant0_gain	opb0->opb2opb_bridge_opb1->opb1
  (0x0108d300-0x0108d3ff) baopoco_quant1_addr	opb0->opb2opb_bridge_opb1->opb1
  (0x0108d400-0x0108d4ff) baopoco_quant1_gain	opb0->opb2opb_bridge_opb1->opb1
  (0x0108d500-0x0108d5ff) baopoco_quant2_addr	opb0->opb2opb_bridge_opb1->opb1
  (0x0108d600-0x0108d6ff) baopoco_quant2_gain	opb0->opb2opb_bridge_opb1->opb1
  (0x0108d700-0x0108d7ff) baopoco_quant3_addr	opb0->opb2opb_bridge_opb1->opb1
  (0x0108d800-0x0108d8ff) baopoco_quant3_gain	opb0->opb2opb_bridge_opb1->opb1
  (0x0108d900-0x0108d9ff) baopoco_status	opb0->opb2opb_bridge_opb1->opb1

Computing clock values...
INFO:EDK:740 - Cannot determine the input clock associated with port :
   infrastructure_inst:epb_clk. Clock DRCs will not be performed on this core
   and cores connected to it. 
INFO:EDK:740 - Cannot determine the input clock associated with port :
   infrastructure_inst:epb_clk. Clock DRCs will not be performed on this core
   and cores connected to it. 
INFO:EDK:740 - Cannot determine the input clock associated with port :
   infrastructure_inst:epb_clk. Clock DRCs will not be performed on this core
   and cores connected to it. 
INFO:EDK:740 - Cannot determine the input clock associated with port :
   infrastructure_inst:epb_clk. Clock DRCs will not be performed on this core
   and cores connected to it. 
INFO:EDK:740 - Cannot determine the input clock associated with port :
   infrastructure_inst:epb_clk. Clock DRCs will not be performed on this core
   and cores connected to it. 
INFO:EDK:740 - Cannot determine the input clock associated with port :
   infrastructure_inst:epb_clk. Clock DRCs will not be performed on this core
   and cores connected to it. 
INFO:EDK:740 - Cannot determine the input clock associated with port :
   infrastructure_inst:epb_clk. Clock DRCs will not be performed on this core
   and cores connected to it. 
INFO:EDK:740 - Cannot determine the input clock associated with port :
   infrastructure_inst:epb_clk. Clock DRCs will not be performed on this core
   and cores connected to it. 
INFO:EDK:740 - Cannot determine the input clock associated with port :
   infrastructure_inst:epb_clk. Clock DRCs will not be performed on this core
   and cores connected to it. 
INFO:EDK:740 - Cannot determine the input clock associated with port :
   infrastructure_inst:epb_clk. Clock DRCs will not be performed on this core
   and cores connected to it. 
INFO:EDK:740 - Cannot determine the input clock associated with port :
   infrastructure_inst:epb_clk. Clock DRCs will not be performed on this core
   and cores connected to it. 
INFO:EDK:740 - Cannot determine the input clock associated with port :
   infrastructure_inst:epb_clk. Clock DRCs will not be performed on this core
   and cores connected to it. 
INFO:EDK:740 - Cannot determine the input clock associated with port :
   infrastructure_inst:epb_clk. Clock DRCs will not be performed on this core
   and cores connected to it. 
INFO:EDK:740 - Cannot determine the input clock associated with port :
   infrastructure_inst:epb_clk. Clock DRCs will not be performed on this core
   and cores connected to it. 
INFO:EDK:740 - Cannot determine the input clock associated with port :
   infrastructure_inst:epb_clk. Clock DRCs will not be performed on this core
   and cores connected to it. 
INFO:EDK:740 - Cannot determine the input clock associated with port :
   infrastructure_inst:epb_clk. Clock DRCs will not be performed on this core
   and cores connected to it. 
INFO:EDK:740 - Cannot determine the input clock associated with port :
   baopoco_dir_x0_aa_real_ramif:bram_clk. Clock DRCs will not be performed on
   this core and cores connected to it. 
INFO:EDK:740 - Cannot determine the input clock associated with port :
   infrastructure_inst:epb_clk. Clock DRCs will not be performed on this core
   and cores connected to it. 
INFO:EDK:740 - Cannot determine the input clock associated with port :
   infrastructure_inst:epb_clk. Clock DRCs will not be performed on this core
   and cores connected to it. 
INFO:EDK:740 - Cannot determine the input clock associated with port :
   baopoco_dir_x0_aa1_real_ramif:bram_clk. Clock DRCs will not be performed on
   this core and cores connected to it. 
INFO:EDK:740 - Cannot determine the input clock associated with port :
   infrastructure_inst:epb_clk. Clock DRCs will not be performed on this core
   and cores connected to it. 
INFO:EDK:740 - Cannot determine the input clock associated with port :
   infrastructure_inst:epb_clk. Clock DRCs will not be performed on this core
   and cores connected to it. 
INFO:EDK:740 - Cannot determine the input clock associated with port :
   baopoco_dir_x0_aa2_real_ramif:bram_clk. Clock DRCs will not be performed on
   this core and cores connected to it. 
INFO:EDK:740 - Cannot determine the input clock associated with port :
   infrastructure_inst:epb_clk. Clock DRCs will not be performed on this core
   and cores connected to it. 
INFO:EDK:740 - Cannot determine the input clock associated with port :
   infrastructure_inst:epb_clk. Clock DRCs will not be performed on this core
   and cores connected to it. 
INFO:EDK:740 - Cannot determine the input clock associated with port :
   baopoco_dir_x0_aa3_real_ramif:bram_clk. Clock DRCs will not be performed on
   this core and cores connected to it. 
INFO:EDK:740 - Cannot determine the input clock associated with port :
   infrastructure_inst:epb_clk. Clock DRCs will not be performed on this core
   and cores connected to it. 
INFO:EDK:740 - Cannot determine the input clock associated with port :
   infrastructure_inst:epb_clk. Clock DRCs will not be performed on this core
   and cores connected to it. 
INFO:EDK:740 - Cannot determine the input clock associated with port :
   baopoco_dir_x0_ab_imag_ramif:bram_clk. Clock DRCs will not be performed on
   this core and cores connected to it. 
INFO:EDK:740 - Cannot determine the input clock associated with port :
   infrastructure_inst:epb_clk. Clock DRCs will not be performed on this core
   and cores connected to it. 
INFO:EDK:740 - Cannot determine the input clock associated with port :
   infrastructure_inst:epb_clk. Clock DRCs will not be performed on this core
   and cores connected to it. 
INFO:EDK:740 - Cannot determine the input clock associated with port :
   baopoco_dir_x0_ab_real_ramif:bram_clk. Clock DRCs will not be performed on
   this core and cores connected to it. 
INFO:EDK:740 - Cannot determine the input clock associated with port :
   infrastructure_inst:epb_clk. Clock DRCs will not be performed on this core
   and cores connected to it. 
INFO:EDK:740 - Cannot determine the input clock associated with port :
   infrastructure_inst:epb_clk. Clock DRCs will not be performed on this core
   and cores connected to it. 
INFO:EDK:740 - Cannot determine the input clock associated with port :
   baopoco_dir_x0_ac_imag_ramif:bram_clk. Clock DRCs will not be performed on
   this core and cores connected to it. 
INFO:EDK:740 - Cannot determine the input clock associated with port :
   infrastructure_inst:epb_clk. Clock DRCs will not be performed on this core
   and cores connected to it. 
INFO:EDK:740 - Cannot determine the input clock associated with port :
   infrastructure_inst:epb_clk. Clock DRCs will not be performed on this core
   and cores connected to it. 
INFO:EDK:740 - Cannot determine the input clock associated with port :
   baopoco_dir_x0_ac_real_ramif:bram_clk. Clock DRCs will not be performed on
   this core and cores connected to it. 
INFO:EDK:740 - Cannot determine the input clock associated with port :
   infrastructure_inst:epb_clk. Clock DRCs will not be performed on this core
   and cores connected to it. 
INFO:EDK:740 - Cannot determine the input clock associated with port :
   infrastructure_inst:epb_clk. Clock DRCs will not be performed on this core
   and cores connected to it. 
INFO:EDK:740 - Cannot determine the input clock associated with port :
   baopoco_dir_x0_ac1_imag_ramif:bram_clk. Clock DRCs will not be performed on
   this core and cores connected to it. 
INFO:EDK:740 - Cannot determine the input clock associated with port :
   infrastructure_inst:epb_clk. Clock DRCs will not be performed on this core
   and cores connected to it. 
INFO:EDK:740 - Cannot determine the input clock associated with port :
   infrastructure_inst:epb_clk. Clock DRCs will not be performed on this core
   and cores connected to it. 
INFO:EDK:740 - Cannot determine the input clock associated with port :
   baopoco_dir_x0_ac1_real_ramif:bram_clk. Clock DRCs will not be performed on
   this core and cores connected to it. 
INFO:EDK:740 - Cannot determine the input clock associated with port :
   infrastructure_inst:epb_clk. Clock DRCs will not be performed on this core
   and cores connected to it. 
INFO:EDK:740 - Cannot determine the input clock associated with port :
   infrastructure_inst:epb_clk. Clock DRCs will not be performed on this core
   and cores connected to it. 
INFO:EDK:740 - Cannot determine the input clock associated with port :
   baopoco_dir_x0_ac2_imag_ramif:bram_clk. Clock DRCs will not be performed on
   this core and cores connected to it. 
INFO:EDK:740 - Cannot determine the input clock associated with port :
   infrastructure_inst:epb_clk. Clock DRCs will not be performed on this core
   and cores connected to it. 
INFO:EDK:740 - Cannot determine the input clock associated with port :
   infrastructure_inst:epb_clk. Clock DRCs will not be performed on this core
   and cores connected to it. 
INFO:EDK:740 - Cannot determine the input clock associated with port :
   baopoco_dir_x0_ac2_real_ramif:bram_clk. Clock DRCs will not be performed on
   this core and cores connected to it. 
INFO:EDK:740 - Cannot determine the input clock associated with port :
   infrastructure_inst:epb_clk. Clock DRCs will not be performed on this core
   and cores connected to it. 
INFO:EDK:740 - Cannot determine the input clock associated with port :
   infrastructure_inst:epb_clk. Clock DRCs will not be performed on this core
   and cores connected to it. 
INFO:EDK:740 - Cannot determine the input clock associated with port :
   baopoco_dir_x0_ac3_imag_ramif:bram_clk. Clock DRCs will not be performed on
   this core and cores connected to it. 
INFO:EDK:740 - Cannot determine the input clock associated with port :
   infrastructure_inst:epb_clk. Clock DRCs will not be performed on this core
   and cores connected to it. 
INFO:EDK:740 - Cannot determine the input clock associated with port :
   infrastructure_inst:epb_clk. Clock DRCs will not be performed on this core
   and cores connected to it. 
INFO:EDK:740 - Cannot determine the input clock associated with port :
   baopoco_dir_x0_ac3_real_ramif:bram_clk. Clock DRCs will not be performed on
   this core and cores connected to it. 
INFO:EDK:740 - Cannot determine the input clock associated with port :
   infrastructure_inst:epb_clk. Clock DRCs will not be performed on this core
   and cores connected to it. 
INFO:EDK:740 - Cannot determine the input clock associated with port :
   infrastructure_inst:epb_clk. Clock DRCs will not be performed on this core
   and cores connected to it. 
INFO:EDK:740 - Cannot determine the input clock associated with port :
   baopoco_dir_x0_ad_imag_ramif:bram_clk. Clock DRCs will not be performed on
   this core and cores connected to it. 
INFO:EDK:740 - Cannot determine the input clock associated with port :
   infrastructure_inst:epb_clk. Clock DRCs will not be performed on this core
   and cores connected to it. 
INFO:EDK:740 - Cannot determine the input clock associated with port :
   infrastructure_inst:epb_clk. Clock DRCs will not be performed on this core
   and cores connected to it. 
INFO:EDK:740 - Cannot determine the input clock associated with port :
   baopoco_dir_x0_ad_real_ramif:bram_clk. Clock DRCs will not be performed on
   this core and cores connected to it. 
INFO:EDK:740 - Cannot determine the input clock associated with port :
   infrastructure_inst:epb_clk. Clock DRCs will not be performed on this core
   and cores connected to it. 
INFO:EDK:740 - Cannot determine the input clock associated with port :
   infrastructure_inst:epb_clk. Clock DRCs will not be performed on this core
   and cores connected to it. 
INFO:EDK:740 - Cannot determine the input clock associated with port :
   baopoco_dir_x1_aa_real_ramif:bram_clk. Clock DRCs will not be performed on
   this core and cores connected to it. 
INFO:EDK:740 - Cannot determine the input clock associated with port :
   infrastructure_inst:epb_clk. Clock DRCs will not be performed on this core
   and cores connected to it. 
INFO:EDK:740 - Cannot determine the input clock associated with port :
   infrastructure_inst:epb_clk. Clock DRCs will not be performed on this core
   and cores connected to it. 
INFO:EDK:740 - Cannot determine the input clock associated with port :
   baopoco_dir_x1_aa1_real_ramif:bram_clk. Clock DRCs will not be performed on
   this core and cores connected to it. 
INFO:EDK:740 - Cannot determine the input clock associated with port :
   infrastructure_inst:epb_clk. Clock DRCs will not be performed on this core
   and cores connected to it. 
INFO:EDK:740 - Cannot determine the input clock associated with port :
   infrastructure_inst:epb_clk. Clock DRCs will not be performed on this core
   and cores connected to it. 
INFO:EDK:740 - Cannot determine the input clock associated with port :
   baopoco_dir_x1_aa2_real_ramif:bram_clk. Clock DRCs will not be performed on
   this core and cores connected to it. 
INFO:EDK:740 - Cannot determine the input clock associated with port :
   infrastructure_inst:epb_clk. Clock DRCs will not be performed on this core
   and cores connected to it. 
INFO:EDK:740 - Cannot determine the input clock associated with port :
   infrastructure_inst:epb_clk. Clock DRCs will not be performed on this core
   and cores connected to it. 
INFO:EDK:740 - Cannot determine the input clock associated with port :
   baopoco_dir_x1_aa3_real_ramif:bram_clk. Clock DRCs will not be performed on
   this core and cores connected to it. 
INFO:EDK:740 - Cannot determine the input clock associated with port :
   infrastructure_inst:epb_clk. Clock DRCs will not be performed on this core
   and cores connected to it. 
INFO:EDK:740 - Cannot determine the input clock associated with port :
   infrastructure_inst:epb_clk. Clock DRCs will not be performed on this core
   and cores connected to it. 
INFO:EDK:740 - Cannot determine the input clock associated with port :
   baopoco_dir_x1_ab_imag_ramif:bram_clk. Clock DRCs will not be performed on
   this core and cores connected to it. 
INFO:EDK:740 - Cannot determine the input clock associated with port :
   infrastructure_inst:epb_clk. Clock DRCs will not be performed on this core
   and cores connected to it. 
INFO:EDK:740 - Cannot determine the input clock associated with port :
   infrastructure_inst:epb_clk. Clock DRCs will not be performed on this core
   and cores connected to it. 
INFO:EDK:740 - Cannot determine the input clock associated with port :
   baopoco_dir_x1_ab_real_ramif:bram_clk. Clock DRCs will not be performed on
   this core and cores connected to it. 
INFO:EDK:740 - Cannot determine the input clock associated with port :
   infrastructure_inst:epb_clk. Clock DRCs will not be performed on this core
   and cores connected to it. 
INFO:EDK:740 - Cannot determine the input clock associated with port :
   infrastructure_inst:epb_clk. Clock DRCs will not be performed on this core
   and cores connected to it. 
INFO:EDK:740 - Cannot determine the input clock associated with port :
   baopoco_dir_x1_ac_imag_ramif:bram_clk. Clock DRCs will not be performed on
   this core and cores connected to it. 
INFO:EDK:740 - Cannot determine the input clock associated with port :
   infrastructure_inst:epb_clk. Clock DRCs will not be performed on this core
   and cores connected to it. 
INFO:EDK:740 - Cannot determine the input clock associated with port :
   infrastructure_inst:epb_clk. Clock DRCs will not be performed on this core
   and cores connected to it. 
INFO:EDK:740 - Cannot determine the input clock associated with port :
   baopoco_dir_x1_ac_real_ramif:bram_clk. Clock DRCs will not be performed on
   this core and cores connected to it. 
INFO:EDK:740 - Cannot determine the input clock associated with port :
   infrastructure_inst:epb_clk. Clock DRCs will not be performed on this core
   and cores connected to it. 
INFO:EDK:740 - Cannot determine the input clock associated with port :
   infrastructure_inst:epb_clk. Clock DRCs will not be performed on this core
   and cores connected to it. 
INFO:EDK:740 - Cannot determine the input clock associated with port :
   baopoco_dir_x1_ac1_imag_ramif:bram_clk. Clock DRCs will not be performed on
   this core and cores connected to it. 
INFO:EDK:740 - Cannot determine the input clock associated with port :
   infrastructure_inst:epb_clk. Clock DRCs will not be performed on this core
   and cores connected to it. 
INFO:EDK:740 - Cannot determine the input clock associated with port :
   infrastructure_inst:epb_clk. Clock DRCs will not be performed on this core
   and cores connected to it. 
INFO:EDK:740 - Cannot determine the input clock associated with port :
   baopoco_dir_x1_ac1_real_ramif:bram_clk. Clock DRCs will not be performed on
   this core and cores connected to it. 
INFO:EDK:740 - Cannot determine the input clock associated with port :
   infrastructure_inst:epb_clk. Clock DRCs will not be performed on this core
   and cores connected to it. 
INFO:EDK:740 - Cannot determine the input clock associated with port :
   infrastructure_inst:epb_clk. Clock DRCs will not be performed on this core
   and cores connected to it. 
INFO:EDK:740 - Cannot determine the input clock associated with port :
   baopoco_dir_x1_ac2_imag_ramif:bram_clk. Clock DRCs will not be performed on
   this core and cores connected to it. 
INFO:EDK:740 - Cannot determine the input clock associated with port :
   infrastructure_inst:epb_clk. Clock DRCs will not be performed on this core
   and cores connected to it. 
INFO:EDK:740 - Cannot determine the input clock associated with port :
   infrastructure_inst:epb_clk. Clock DRCs will not be performed on this core
   and cores connected to it. 
INFO:EDK:740 - Cannot determine the input clock associated with port :
   baopoco_dir_x1_ac2_real_ramif:bram_clk. Clock DRCs will not be performed on
   this core and cores connected to it. 
INFO:EDK:740 - Cannot determine the input clock associated with port :
   infrastructure_inst:epb_clk. Clock DRCs will not be performed on this core
   and cores connected to it. 
INFO:EDK:740 - Cannot determine the input clock associated with port :
   infrastructure_inst:epb_clk. Clock DRCs will not be performed on this core
   and cores connected to it. 
INFO:EDK:740 - Cannot determine the input clock associated with port :
   baopoco_dir_x1_ac3_imag_ramif:bram_clk. Clock DRCs will not be performed on
   this core and cores connected to it. 
INFO:EDK:740 - Cannot determine the input clock associated with port :
   infrastructure_inst:epb_clk. Clock DRCs will not be performed on this core
   and cores connected to it. 
INFO:EDK:740 - Cannot determine the input clock associated with port :
   infrastructure_inst:epb_clk. Clock DRCs will not be performed on this core
   and cores connected to it. 
INFO:EDK:740 - Cannot determine the input clock associated with port :
   baopoco_dir_x1_ac3_real_ramif:bram_clk. Clock DRCs will not be performed on
   this core and cores connected to it. 
INFO:EDK:740 - Cannot determine the input clock associated with port :
   infrastructure_inst:epb_clk. Clock DRCs will not be performed on this core
   and cores connected to it. 
INFO:EDK:740 - Cannot determine the input clock associated with port :
   infrastructure_inst:epb_clk. Clock DRCs will not be performed on this core
   and cores connected to it. 
INFO:EDK:740 - Cannot determine the input clock associated with port :
   baopoco_dir_x1_ad_imag_ramif:bram_clk. Clock DRCs will not be performed on
   this core and cores connected to it. 
INFO:EDK:740 - Cannot determine the input clock associated with port :
   infrastructure_inst:epb_clk. Clock DRCs will not be performed on this core
   and cores connected to it. 
INFO:EDK:740 - Cannot determine the input clock associated with port :
   infrastructure_inst:epb_clk. Clock DRCs will not be performed on this core
   and cores connected to it. 
INFO:EDK:740 - Cannot determine the input clock associated with port :
   baopoco_dir_x1_ad_real_ramif:bram_clk. Clock DRCs will not be performed on
   this core and cores connected to it. 
INFO:EDK:740 - Cannot determine the input clock associated with port :
   infrastructure_inst:epb_clk. Clock DRCs will not be performed on this core
   and cores connected to it. 
INFO:EDK:740 - Cannot determine the input clock associated with port :
   infrastructure_inst:epb_clk. Clock DRCs will not be performed on this core
   and cores connected to it. 
INFO:EDK:740 - Cannot determine the input clock associated with port :
   infrastructure_inst:epb_clk. Clock DRCs will not be performed on this core
   and cores connected to it. 
INFO:EDK:740 - Cannot determine the input clock associated with port :
   infrastructure_inst:epb_clk. Clock DRCs will not be performed on this core
   and cores connected to it. 
INFO:EDK:740 - Cannot determine the input clock associated with port :
   infrastructure_inst:epb_clk. Clock DRCs will not be performed on this core
   and cores connected to it. 
INFO:EDK:740 - Cannot determine the input clock associated with port :
   infrastructure_inst:epb_clk. Clock DRCs will not be performed on this core
   and cores connected to it. 
INFO:EDK:740 - Cannot determine the input clock associated with port :
   infrastructure_inst:epb_clk. Clock DRCs will not be performed on this core
   and cores connected to it. 
INFO:EDK:740 - Cannot determine the input clock associated with port :
   infrastructure_inst:epb_clk. Clock DRCs will not be performed on this core
   and cores connected to it. 
INFO:EDK:740 - Cannot determine the input clock associated with port :
   infrastructure_inst:epb_clk. Clock DRCs will not be performed on this core
   and cores connected to it. 
INFO:EDK:740 - Cannot determine the input clock associated with port :
   infrastructure_inst:epb_clk. Clock DRCs will not be performed on this core
   and cores connected to it. 
INFO:EDK:740 - Cannot determine the input clock associated with port :
   infrastructure_inst:epb_clk. Clock DRCs will not be performed on this core
   and cores connected to it. 
INFO:EDK:740 - Cannot determine the input clock associated with port :
   infrastructure_inst:epb_clk. Clock DRCs will not be performed on this core
   and cores connected to it. 
INFO:EDK:740 - Cannot determine the input clock associated with port :
   infrastructure_inst:epb_clk. Clock DRCs will not be performed on this core
   and cores connected to it. 
INFO:EDK:740 - Cannot determine the input clock associated with port :
   infrastructure_inst:epb_clk. Clock DRCs will not be performed on this core
   and cores connected to it. 
INFO:EDK:740 - Cannot determine the input clock associated with port :
   infrastructure_inst:epb_clk. Clock DRCs will not be performed on this core
   and cores connected to it. 
INFO:EDK:1039 - Did not update the value for parameter:
   baopoco_dir_x0_aa_real:c_opb_clk_period_ps. Top-level frequency could not be
   propagated to this IP. Please make sure that you have specified the frequency
   of the top-level clock port, and that the clocks are properly connected.
INFO:EDK:1039 - Did not update the value for parameter:
   baopoco_dir_x0_aa1_real:c_opb_clk_period_ps. Top-level frequency could not be
   propagated to this IP. Please make sure that you have specified the frequency
   of the top-level clock port, and that the clocks are properly connected.
INFO:EDK:1039 - Did not update the value for parameter:
   baopoco_dir_x0_aa2_real:c_opb_clk_period_ps. Top-level frequency could not be
   propagated to this IP. Please make sure that you have specified the frequency
   of the top-level clock port, and that the clocks are properly connected.
INFO:EDK:1039 - Did not update the value for parameter:
   baopoco_dir_x0_aa3_real:c_opb_clk_period_ps. Top-level frequency could not be
   propagated to this IP. Please make sure that you have specified the frequency
   of the top-level clock port, and that the clocks are properly connected.
INFO:EDK:1039 - Did not update the value for parameter:
   baopoco_dir_x0_ab_imag:c_opb_clk_period_ps. Top-level frequency could not be
   propagated to this IP. Please make sure that you have specified the frequency
   of the top-level clock port, and that the clocks are properly connected.
INFO:EDK:1039 - Did not update the value for parameter:
   baopoco_dir_x0_ab_real:c_opb_clk_period_ps. Top-level frequency could not be
   propagated to this IP. Please make sure that you have specified the frequency
   of the top-level clock port, and that the clocks are properly connected.
INFO:EDK:1039 - Did not update the value for parameter:
   baopoco_dir_x0_ac_imag:c_opb_clk_period_ps. Top-level frequency could not be
   propagated to this IP. Please make sure that you have specified the frequency
   of the top-level clock port, and that the clocks are properly connected.
INFO:EDK:1039 - Did not update the value for parameter:
   baopoco_dir_x0_ac_real:c_opb_clk_period_ps. Top-level frequency could not be
   propagated to this IP. Please make sure that you have specified the frequency
   of the top-level clock port, and that the clocks are properly connected.
INFO:EDK:1039 - Did not update the value for parameter:
   baopoco_dir_x0_ac1_imag:c_opb_clk_period_ps. Top-level frequency could not be
   propagated to this IP. Please make sure that you have specified the frequency
   of the top-level clock port, and that the clocks are properly connected.
INFO:EDK:1039 - Did not update the value for parameter:
   baopoco_dir_x0_ac1_real:c_opb_clk_period_ps. Top-level frequency could not be
   propagated to this IP. Please make sure that you have specified the frequency
   of the top-level clock port, and that the clocks are properly connected.
INFO:EDK:1039 - Did not update the value for parameter:
   baopoco_dir_x0_ac2_imag:c_opb_clk_period_ps. Top-level frequency could not be
   propagated to this IP. Please make sure that you have specified the frequency
   of the top-level clock port, and that the clocks are properly connected.
INFO:EDK:1039 - Did not update the value for parameter:
   baopoco_dir_x0_ac2_real:c_opb_clk_period_ps. Top-level frequency could not be
   propagated to this IP. Please make sure that you have specified the frequency
   of the top-level clock port, and that the clocks are properly connected.
INFO:EDK:1039 - Did not update the value for parameter:
   baopoco_dir_x0_ac3_imag:c_opb_clk_period_ps. Top-level frequency could not be
   propagated to this IP. Please make sure that you have specified the frequency
   of the top-level clock port, and that the clocks are properly connected.
INFO:EDK:1039 - Did not update the value for parameter:
   baopoco_dir_x0_ac3_real:c_opb_clk_period_ps. Top-level frequency could not be
   propagated to this IP. Please make sure that you have specified the frequency
   of the top-level clock port, and that the clocks are properly connected.
INFO:EDK:1039 - Did not update the value for parameter:
   baopoco_dir_x0_ad_imag:c_opb_clk_period_ps. Top-level frequency could not be
   propagated to this IP. Please make sure that you have specified the frequency
   of the top-level clock port, and that the clocks are properly connected.
INFO:EDK:1039 - Did not update the value for parameter:
   baopoco_dir_x0_ad_real:c_opb_clk_period_ps. Top-level frequency could not be
   propagated to this IP. Please make sure that you have specified the frequency
   of the top-level clock port, and that the clocks are properly connected.
INFO:EDK:1039 - Did not update the value for parameter:
   baopoco_dir_x1_aa_real:c_opb_clk_period_ps. Top-level frequency could not be
   propagated to this IP. Please make sure that you have specified the frequency
   of the top-level clock port, and that the clocks are properly connected.
INFO:EDK:1039 - Did not update the value for parameter:
   baopoco_dir_x1_aa1_real:c_opb_clk_period_ps. Top-level frequency could not be
   propagated to this IP. Please make sure that you have specified the frequency
   of the top-level clock port, and that the clocks are properly connected.
INFO:EDK:1039 - Did not update the value for parameter:
   baopoco_dir_x1_aa2_real:c_opb_clk_period_ps. Top-level frequency could not be
   propagated to this IP. Please make sure that you have specified the frequency
   of the top-level clock port, and that the clocks are properly connected.
INFO:EDK:1039 - Did not update the value for parameter:
   baopoco_dir_x1_aa3_real:c_opb_clk_period_ps. Top-level frequency could not be
   propagated to this IP. Please make sure that you have specified the frequency
   of the top-level clock port, and that the clocks are properly connected.
INFO:EDK:1039 - Did not update the value for parameter:
   baopoco_dir_x1_ab_imag:c_opb_clk_period_ps. Top-level frequency could not be
   propagated to this IP. Please make sure that you have specified the frequency
   of the top-level clock port, and that the clocks are properly connected.
INFO:EDK:1039 - Did not update the value for parameter:
   baopoco_dir_x1_ab_real:c_opb_clk_period_ps. Top-level frequency could not be
   propagated to this IP. Please make sure that you have specified the frequency
   of the top-level clock port, and that the clocks are properly connected.
INFO:EDK:1039 - Did not update the value for parameter:
   baopoco_dir_x1_ac_imag:c_opb_clk_period_ps. Top-level frequency could not be
   propagated to this IP. Please make sure that you have specified the frequency
   of the top-level clock port, and that the clocks are properly connected.
INFO:EDK:1039 - Did not update the value for parameter:
   baopoco_dir_x1_ac_real:c_opb_clk_period_ps. Top-level frequency could not be
   propagated to this IP. Please make sure that you have specified the frequency
   of the top-level clock port, and that the clocks are properly connected.
INFO:EDK:1039 - Did not update the value for parameter:
   baopoco_dir_x1_ac1_imag:c_opb_clk_period_ps. Top-level frequency could not be
   propagated to this IP. Please make sure that you have specified the frequency
   of the top-level clock port, and that the clocks are properly connected.
INFO:EDK:1039 - Did not update the value for parameter:
   baopoco_dir_x1_ac1_real:c_opb_clk_period_ps. Top-level frequency could not be
   propagated to this IP. Please make sure that you have specified the frequency
   of the top-level clock port, and that the clocks are properly connected.
INFO:EDK:1039 - Did not update the value for parameter:
   baopoco_dir_x1_ac2_imag:c_opb_clk_period_ps. Top-level frequency could not be
   propagated to this IP. Please make sure that you have specified the frequency
   of the top-level clock port, and that the clocks are properly connected.
INFO:EDK:1039 - Did not update the value for parameter:
   baopoco_dir_x1_ac2_real:c_opb_clk_period_ps. Top-level frequency could not be
   propagated to this IP. Please make sure that you have specified the frequency
   of the top-level clock port, and that the clocks are properly connected.
INFO:EDK:1039 - Did not update the value for parameter:
   baopoco_dir_x1_ac3_imag:c_opb_clk_period_ps. Top-level frequency could not be
   propagated to this IP. Please make sure that you have specified the frequency
   of the top-level clock port, and that the clocks are properly connected.
INFO:EDK:1039 - Did not update the value for parameter:
   baopoco_dir_x1_ac3_real:c_opb_clk_period_ps. Top-level frequency could not be
   propagated to this IP. Please make sure that you have specified the frequency
   of the top-level clock port, and that the clocks are properly connected.
INFO:EDK:1039 - Did not update the value for parameter:
   baopoco_dir_x1_ad_imag:c_opb_clk_period_ps. Top-level frequency could not be
   propagated to this IP. Please make sure that you have specified the frequency
   of the top-level clock port, and that the clocks are properly connected.
INFO:EDK:1039 - Did not update the value for parameter:
   baopoco_dir_x1_ad_real:c_opb_clk_period_ps. Top-level frequency could not be
   propagated to this IP. Please make sure that you have specified the frequency
   of the top-level clock port, and that the clocks are properly connected.
INFO:EDK:1560 - IPNAME:opb_v20 INSTANCE:opb0 -
   /tools/xilinx/11.5/EDK/hw/XilinxProcessorIPLib/pcores/opb_v20_v1_10_c/data/op
   b_v20_v2_1_0.mpd line 74 - tool is overriding PARAMETER C_NUM_MASTERS value
   to 1
INFO:EDK:1560 - IPNAME:opb_v20 INSTANCE:opb0 -
   /tools/xilinx/11.5/EDK/hw/XilinxProcessorIPLib/pcores/opb_v20_v1_10_c/data/op
   b_v20_v2_1_0.mpd line 75 - tool is overriding PARAMETER C_NUM_SLAVES value to
   33
INFO:EDK:1560 - IPNAME:bram_block INSTANCE:baopoco_dir_x0_aa_real_ramblk -
   /tools/xilinx/11.5/EDK/hw/XilinxProcessorIPLib/pcores/bram_block_v1_00_a/data
   /bram_block_v2_1_0.mpd line 69 - tool is overriding PARAMETER C_MEMSIZE value
   to 0x1000
INFO:EDK:1560 - IPNAME:bram_block INSTANCE:baopoco_dir_x0_aa1_real_ramblk -
   /tools/xilinx/11.5/EDK/hw/XilinxProcessorIPLib/pcores/bram_block_v1_00_a/data
   /bram_block_v2_1_0.mpd line 69 - tool is overriding PARAMETER C_MEMSIZE value
   to 0x1000
INFO:EDK:1560 - IPNAME:bram_block INSTANCE:baopoco_dir_x0_aa2_real_ramblk -
   /tools/xilinx/11.5/EDK/hw/XilinxProcessorIPLib/pcores/bram_block_v1_00_a/data
   /bram_block_v2_1_0.mpd line 69 - tool is overriding PARAMETER C_MEMSIZE value
   to 0x1000
INFO:EDK:1560 - IPNAME:bram_block INSTANCE:baopoco_dir_x0_aa3_real_ramblk -
   /tools/xilinx/11.5/EDK/hw/XilinxProcessorIPLib/pcores/bram_block_v1_00_a/data
   /bram_block_v2_1_0.mpd line 69 - tool is overriding PARAMETER C_MEMSIZE value
   to 0x1000
INFO:EDK:1560 - IPNAME:bram_block INSTANCE:baopoco_dir_x0_ab_imag_ramblk -
   /tools/xilinx/11.5/EDK/hw/XilinxProcessorIPLib/pcores/bram_block_v1_00_a/data
   /bram_block_v2_1_0.mpd line 69 - tool is overriding PARAMETER C_MEMSIZE value
   to 0x1000
INFO:EDK:1560 - IPNAME:bram_block INSTANCE:baopoco_dir_x0_ab_real_ramblk -
   /tools/xilinx/11.5/EDK/hw/XilinxProcessorIPLib/pcores/bram_block_v1_00_a/data
   /bram_block_v2_1_0.mpd line 69 - tool is overriding PARAMETER C_MEMSIZE value
   to 0x1000
INFO:EDK:1560 - IPNAME:bram_block INSTANCE:baopoco_dir_x0_ac_imag_ramblk -
   /tools/xilinx/11.5/EDK/hw/XilinxProcessorIPLib/pcores/bram_block_v1_00_a/data
   /bram_block_v2_1_0.mpd line 69 - tool is overriding PARAMETER C_MEMSIZE value
   to 0x1000
INFO:EDK:1560 - IPNAME:bram_block INSTANCE:baopoco_dir_x0_ac_real_ramblk -
   /tools/xilinx/11.5/EDK/hw/XilinxProcessorIPLib/pcores/bram_block_v1_00_a/data
   /bram_block_v2_1_0.mpd line 69 - tool is overriding PARAMETER C_MEMSIZE value
   to 0x1000
INFO:EDK:1560 - IPNAME:bram_block INSTANCE:baopoco_dir_x0_ac1_imag_ramblk -
   /tools/xilinx/11.5/EDK/hw/XilinxProcessorIPLib/pcores/bram_block_v1_00_a/data
   /bram_block_v2_1_0.mpd line 69 - tool is overriding PARAMETER C_MEMSIZE value
   to 0x1000
INFO:EDK:1560 - IPNAME:bram_block INSTANCE:baopoco_dir_x0_ac1_real_ramblk -
   /tools/xilinx/11.5/EDK/hw/XilinxProcessorIPLib/pcores/bram_block_v1_00_a/data
   /bram_block_v2_1_0.mpd line 69 - tool is overriding PARAMETER C_MEMSIZE value
   to 0x1000
INFO:EDK:1560 - IPNAME:bram_block INSTANCE:baopoco_dir_x0_ac2_imag_ramblk -
   /tools/xilinx/11.5/EDK/hw/XilinxProcessorIPLib/pcores/bram_block_v1_00_a/data
   /bram_block_v2_1_0.mpd line 69 - tool is overriding PARAMETER C_MEMSIZE value
   to 0x1000
INFO:EDK:1560 - IPNAME:bram_block INSTANCE:baopoco_dir_x0_ac2_real_ramblk -
   /tools/xilinx/11.5/EDK/hw/XilinxProcessorIPLib/pcores/bram_block_v1_00_a/data
   /bram_block_v2_1_0.mpd line 69 - tool is overriding PARAMETER C_MEMSIZE value
   to 0x1000
INFO:EDK:1560 - IPNAME:bram_block INSTANCE:baopoco_dir_x0_ac3_imag_ramblk -
   /tools/xilinx/11.5/EDK/hw/XilinxProcessorIPLib/pcores/bram_block_v1_00_a/data
   /bram_block_v2_1_0.mpd line 69 - tool is overriding PARAMETER C_MEMSIZE value
   to 0x1000
INFO:EDK:1560 - IPNAME:bram_block INSTANCE:baopoco_dir_x0_ac3_real_ramblk -
   /tools/xilinx/11.5/EDK/hw/XilinxProcessorIPLib/pcores/bram_block_v1_00_a/data
   /bram_block_v2_1_0.mpd line 69 - tool is overriding PARAMETER C_MEMSIZE value
   to 0x1000
INFO:EDK:1560 - IPNAME:bram_block INSTANCE:baopoco_dir_x0_ad_imag_ramblk -
   /tools/xilinx/11.5/EDK/hw/XilinxProcessorIPLib/pcores/bram_block_v1_00_a/data
   /bram_block_v2_1_0.mpd line 69 - tool is overriding PARAMETER C_MEMSIZE value
   to 0x1000
INFO:EDK:1560 - IPNAME:bram_block INSTANCE:baopoco_dir_x0_ad_real_ramblk -
   /tools/xilinx/11.5/EDK/hw/XilinxProcessorIPLib/pcores/bram_block_v1_00_a/data
   /bram_block_v2_1_0.mpd line 69 - tool is overriding PARAMETER C_MEMSIZE value
   to 0x1000
INFO:EDK:1560 - IPNAME:bram_block INSTANCE:baopoco_dir_x1_aa_real_ramblk -
   /tools/xilinx/11.5/EDK/hw/XilinxProcessorIPLib/pcores/bram_block_v1_00_a/data
   /bram_block_v2_1_0.mpd line 69 - tool is overriding PARAMETER C_MEMSIZE value
   to 0x1000
INFO:EDK:1560 - IPNAME:bram_block INSTANCE:baopoco_dir_x1_aa1_real_ramblk -
   /tools/xilinx/11.5/EDK/hw/XilinxProcessorIPLib/pcores/bram_block_v1_00_a/data
   /bram_block_v2_1_0.mpd line 69 - tool is overriding PARAMETER C_MEMSIZE value
   to 0x1000
INFO:EDK:1560 - IPNAME:bram_block INSTANCE:baopoco_dir_x1_aa2_real_ramblk -
   /tools/xilinx/11.5/EDK/hw/XilinxProcessorIPLib/pcores/bram_block_v1_00_a/data
   /bram_block_v2_1_0.mpd line 69 - tool is overriding PARAMETER C_MEMSIZE value
   to 0x1000
INFO:EDK:1560 - IPNAME:bram_block INSTANCE:baopoco_dir_x1_aa3_real_ramblk -
   /tools/xilinx/11.5/EDK/hw/XilinxProcessorIPLib/pcores/bram_block_v1_00_a/data
   /bram_block_v2_1_0.mpd line 69 - tool is overriding PARAMETER C_MEMSIZE value
   to 0x1000
INFO:EDK:1560 - IPNAME:bram_block INSTANCE:baopoco_dir_x1_ab_imag_ramblk -
   /tools/xilinx/11.5/EDK/hw/XilinxProcessorIPLib/pcores/bram_block_v1_00_a/data
   /bram_block_v2_1_0.mpd line 69 - tool is overriding PARAMETER C_MEMSIZE value
   to 0x1000
INFO:EDK:1560 - IPNAME:bram_block INSTANCE:baopoco_dir_x1_ab_real_ramblk -
   /tools/xilinx/11.5/EDK/hw/XilinxProcessorIPLib/pcores/bram_block_v1_00_a/data
   /bram_block_v2_1_0.mpd line 69 - tool is overriding PARAMETER C_MEMSIZE value
   to 0x1000
INFO:EDK:1560 - IPNAME:bram_block INSTANCE:baopoco_dir_x1_ac_imag_ramblk -
   /tools/xilinx/11.5/EDK/hw/XilinxProcessorIPLib/pcores/bram_block_v1_00_a/data
   /bram_block_v2_1_0.mpd line 69 - tool is overriding PARAMETER C_MEMSIZE value
   to 0x1000
INFO:EDK:1560 - IPNAME:bram_block INSTANCE:baopoco_dir_x1_ac_real_ramblk -
   /tools/xilinx/11.5/EDK/hw/XilinxProcessorIPLib/pcores/bram_block_v1_00_a/data
   /bram_block_v2_1_0.mpd line 69 - tool is overriding PARAMETER C_MEMSIZE value
   to 0x1000
INFO:EDK:1560 - IPNAME:bram_block INSTANCE:baopoco_dir_x1_ac1_imag_ramblk -
   /tools/xilinx/11.5/EDK/hw/XilinxProcessorIPLib/pcores/bram_block_v1_00_a/data
   /bram_block_v2_1_0.mpd line 69 - tool is overriding PARAMETER C_MEMSIZE value
   to 0x1000
INFO:EDK:1560 - IPNAME:bram_block INSTANCE:baopoco_dir_x1_ac1_real_ramblk -
   /tools/xilinx/11.5/EDK/hw/XilinxProcessorIPLib/pcores/bram_block_v1_00_a/data
   /bram_block_v2_1_0.mpd line 69 - tool is overriding PARAMETER C_MEMSIZE value
   to 0x1000
INFO:EDK:1560 - IPNAME:bram_block INSTANCE:baopoco_dir_x1_ac2_imag_ramblk -
   /tools/xilinx/11.5/EDK/hw/XilinxProcessorIPLib/pcores/bram_block_v1_00_a/data
   /bram_block_v2_1_0.mpd line 69 - tool is overriding PARAMETER C_MEMSIZE value
   to 0x1000
INFO:EDK:1560 - IPNAME:bram_block INSTANCE:baopoco_dir_x1_ac2_real_ramblk -
   /tools/xilinx/11.5/EDK/hw/XilinxProcessorIPLib/pcores/bram_block_v1_00_a/data
   /bram_block_v2_1_0.mpd line 69 - tool is overriding PARAMETER C_MEMSIZE value
   to 0x1000
INFO:EDK:1560 - IPNAME:bram_block INSTANCE:baopoco_dir_x1_ac3_imag_ramblk -
   /tools/xilinx/11.5/EDK/hw/XilinxProcessorIPLib/pcores/bram_block_v1_00_a/data
   /bram_block_v2_1_0.mpd line 69 - tool is overriding PARAMETER C_MEMSIZE value
   to 0x1000
INFO:EDK:1560 - IPNAME:bram_block INSTANCE:baopoco_dir_x1_ac3_real_ramblk -
   /tools/xilinx/11.5/EDK/hw/XilinxProcessorIPLib/pcores/bram_block_v1_00_a/data
   /bram_block_v2_1_0.mpd line 69 - tool is overriding PARAMETER C_MEMSIZE value
   to 0x1000
INFO:EDK:1560 - IPNAME:bram_block INSTANCE:baopoco_dir_x1_ad_imag_ramblk -
   /tools/xilinx/11.5/EDK/hw/XilinxProcessorIPLib/pcores/bram_block_v1_00_a/data
   /bram_block_v2_1_0.mpd line 69 - tool is overriding PARAMETER C_MEMSIZE value
   to 0x1000
INFO:EDK:1560 - IPNAME:bram_block INSTANCE:baopoco_dir_x1_ad_real_ramblk -
   /tools/xilinx/11.5/EDK/hw/XilinxProcessorIPLib/pcores/bram_block_v1_00_a/data
   /bram_block_v2_1_0.mpd line 69 - tool is overriding PARAMETER C_MEMSIZE value
   to 0x1000
INFO:EDK:1560 - IPNAME:opb_v20 INSTANCE:opb1 -
   /tools/xilinx/11.5/EDK/hw/XilinxProcessorIPLib/pcores/opb_v20_v1_10_c/data/op
   b_v20_v2_1_0.mpd line 74 - tool is overriding PARAMETER C_NUM_MASTERS value
   to 1
INFO:EDK:1560 - IPNAME:opb_v20 INSTANCE:opb1 -
   /tools/xilinx/11.5/EDK/hw/XilinxProcessorIPLib/pcores/opb_v20_v1_10_c/data/op
   b_v20_v2_1_0.mpd line 75 - tool is overriding PARAMETER C_NUM_SLAVES value to
   23

Checking platform address map ...

Checking platform configuration ...
IPNAME:opb_v20 INSTANCE:opb0 -
/scratch/zaki/workspace/baopoco/XPS_ROACH_base/system.mhs line 103 - 1 master(s)
: 33 slave(s)
IPNAME:opb_v20 INSTANCE:opb1 -
/scratch/zaki/workspace/baopoco/XPS_ROACH_base/system.mhs line 1862 - 1
master(s) : 23 slave(s)

Checking port drivers...
WARNING:EDK:2099 - PORT:sys_clk CONNECTOR:sys_clk -
   /scratch/zaki/workspace/baopoco/XPS_ROACH_base/system.mhs line 65 - floating
   connection!
WARNING:EDK:2099 - PORT:sys_clk90 CONNECTOR:sys_clk90 -
   /scratch/zaki/workspace/baopoco/XPS_ROACH_base/system.mhs line 66 - floating
   connection!
WARNING:EDK:2099 - PORT:sys_clk180 CONNECTOR:sys_clk180 -
   /scratch/zaki/workspace/baopoco/XPS_ROACH_base/system.mhs line 67 - floating
   connection!
WARNING:EDK:2099 - PORT:sys_clk270 CONNECTOR:sys_clk270 -
   /scratch/zaki/workspace/baopoco/XPS_ROACH_base/system.mhs line 68 - floating
   connection!
WARNING:EDK:2099 - PORT:sys_clk_lock CONNECTOR:sys_clk_lock -
   /scratch/zaki/workspace/baopoco/XPS_ROACH_base/system.mhs line 69 - floating
   connection!
WARNING:EDK:2099 - PORT:sys_clk2x CONNECTOR:sys_clk2x -
   /scratch/zaki/workspace/baopoco/XPS_ROACH_base/system.mhs line 70 - floating
   connection!
WARNING:EDK:2099 - PORT:sys_clk2x90 CONNECTOR:sys_clk2x90 -
   /scratch/zaki/workspace/baopoco/XPS_ROACH_base/system.mhs line 71 - floating
   connection!
WARNING:EDK:2099 - PORT:sys_clk2x180 CONNECTOR:sys_clk2x180 -
   /scratch/zaki/workspace/baopoco/XPS_ROACH_base/system.mhs line 72 - floating
   connection!
WARNING:EDK:2099 - PORT:sys_clk2x270 CONNECTOR:sys_clk2x270 -
   /scratch/zaki/workspace/baopoco/XPS_ROACH_base/system.mhs line 73 - floating
   connection!
WARNING:EDK:2099 - PORT:dly_clk CONNECTOR:dly_clk -
   /scratch/zaki/workspace/baopoco/XPS_ROACH_base/system.mhs line 74 - floating
   connection!
WARNING:EDK:2099 - PORT:aux0_clk CONNECTOR:aux0_clk -
   /scratch/zaki/workspace/baopoco/XPS_ROACH_base/system.mhs line 75 - floating
   connection!
WARNING:EDK:2099 - PORT:aux0_clk90 CONNECTOR:aux0_clk90 -
   /scratch/zaki/workspace/baopoco/XPS_ROACH_base/system.mhs line 76 - floating
   connection!
WARNING:EDK:2099 - PORT:aux0_clk180 CONNECTOR:aux0_clk180 -
   /scratch/zaki/workspace/baopoco/XPS_ROACH_base/system.mhs line 77 - floating
   connection!
WARNING:EDK:2099 - PORT:aux0_clk270 CONNECTOR:aux0_clk270 -
   /scratch/zaki/workspace/baopoco/XPS_ROACH_base/system.mhs line 78 - floating
   connection!
WARNING:EDK:2099 - PORT:aux1_clk CONNECTOR:aux1_clk -
   /scratch/zaki/workspace/baopoco/XPS_ROACH_base/system.mhs line 79 - floating
   connection!
WARNING:EDK:2099 - PORT:aux1_clk90 CONNECTOR:aux1_clk90 -
   /scratch/zaki/workspace/baopoco/XPS_ROACH_base/system.mhs line 80 - floating
   connection!
WARNING:EDK:2099 - PORT:aux1_clk180 CONNECTOR:aux1_clk180 -
   /scratch/zaki/workspace/baopoco/XPS_ROACH_base/system.mhs line 81 - floating
   connection!
WARNING:EDK:2099 - PORT:aux1_clk270 CONNECTOR:aux1_clk270 -
   /scratch/zaki/workspace/baopoco/XPS_ROACH_base/system.mhs line 82 - floating
   connection!
WARNING:EDK:2099 - PORT:aux0_clk2x CONNECTOR:aux0_clk2x -
   /scratch/zaki/workspace/baopoco/XPS_ROACH_base/system.mhs line 83 - floating
   connection!
WARNING:EDK:2099 - PORT:aux0_clk2x90 CONNECTOR:aux0_clk2x90 -
   /scratch/zaki/workspace/baopoco/XPS_ROACH_base/system.mhs line 84 - floating
   connection!
WARNING:EDK:2099 - PORT:aux0_clk2x180 CONNECTOR:aux0_clk2x180 -
   /scratch/zaki/workspace/baopoco/XPS_ROACH_base/system.mhs line 85 - floating
   connection!
WARNING:EDK:2099 - PORT:aux0_clk2x270 CONNECTOR:aux0_clk2x270 -
   /scratch/zaki/workspace/baopoco/XPS_ROACH_base/system.mhs line 86 - floating
   connection!
WARNING:EDK:2099 - PORT:idelay_rdy CONNECTOR:idelay_rdy -
   /scratch/zaki/workspace/baopoco/XPS_ROACH_base/system.mhs line 89 - floating
   connection!
WARNING:EDK:2099 - PORT:soft_reset CONNECTOR:soft_reset -
   /scratch/zaki/workspace/baopoco/XPS_ROACH_base/system.mhs line 171 - floating
   connection!
WARNING:EDK:2099 - PORT:ctrl_clk180_out CONNECTOR:adc0_clk180 -
   /scratch/zaki/workspace/baopoco/XPS_ROACH_base/system.mhs line 485 - floating
   connection!
WARNING:EDK:2099 - PORT:ctrl_clk270_out CONNECTOR:adc0_clk270 -
   /scratch/zaki/workspace/baopoco/XPS_ROACH_base/system.mhs line 486 - floating
   connection!
WARNING:EDK:2099 - PORT:ctrl_dcm_locked CONNECTOR:adc0_dcm_locked -
   /scratch/zaki/workspace/baopoco/XPS_ROACH_base/system.mhs line 482 - floating
   connection!
WARNING:EDK:2099 - PORT:ctrl_clk90_out CONNECTOR:adc1_clk90 -
   /scratch/zaki/workspace/baopoco/XPS_ROACH_base/system.mhs line 552 - floating
   connection!
WARNING:EDK:2099 - PORT:ctrl_clk180_out CONNECTOR:adc1_clk180 -
   /scratch/zaki/workspace/baopoco/XPS_ROACH_base/system.mhs line 556 - floating
   connection!
WARNING:EDK:2099 - PORT:ctrl_clk270_out CONNECTOR:adc1_clk270 -
   /scratch/zaki/workspace/baopoco/XPS_ROACH_base/system.mhs line 557 - floating
   connection!
WARNING:EDK:2099 - PORT:ctrl_dcm_locked CONNECTOR:adc1_dcm_locked -
   /scratch/zaki/workspace/baopoco/XPS_ROACH_base/system.mhs line 553 - floating
   connection!

Performing Clock DRCs...
INFO:EDK:1038 - Did not implement clock DRCs for parameter:
   baopoco_dir_x0_aa_real:c_opb_clk_period_ps. Top-level frequency could not be
   propagated to this IP. Please make sure that you have specified the frequency
   of the top-level clock port, and that the clocks are properly connected.
INFO:EDK:1038 - Did not implement clock DRCs for parameter:
   baopoco_dir_x0_aa1_real:c_opb_clk_period_ps. Top-level frequency could not be
   propagated to this IP. Please make sure that you have specified the frequency
   of the top-level clock port, and that the clocks are properly connected.
INFO:EDK:1038 - Did not implement clock DRCs for parameter:
   baopoco_dir_x0_aa2_real:c_opb_clk_period_ps. Top-level frequency could not be
   propagated to this IP. Please make sure that you have specified the frequency
   of the top-level clock port, and that the clocks are properly connected.
INFO:EDK:1038 - Did not implement clock DRCs for parameter:
   baopoco_dir_x0_aa3_real:c_opb_clk_period_ps. Top-level frequency could not be
   propagated to this IP. Please make sure that you have specified the frequency
   of the top-level clock port, and that the clocks are properly connected.
INFO:EDK:1038 - Did not implement clock DRCs for parameter:
   baopoco_dir_x0_ab_imag:c_opb_clk_period_ps. Top-level frequency could not be
   propagated to this IP. Please make sure that you have specified the frequency
   of the top-level clock port, and that the clocks are properly connected.
INFO:EDK:1038 - Did not implement clock DRCs for parameter:
   baopoco_dir_x0_ab_real:c_opb_clk_period_ps. Top-level frequency could not be
   propagated to this IP. Please make sure that you have specified the frequency
   of the top-level clock port, and that the clocks are properly connected.
INFO:EDK:1038 - Did not implement clock DRCs for parameter:
   baopoco_dir_x0_ac_imag:c_opb_clk_period_ps. Top-level frequency could not be
   propagated to this IP. Please make sure that you have specified the frequency
   of the top-level clock port, and that the clocks are properly connected.
INFO:EDK:1038 - Did not implement clock DRCs for parameter:
   baopoco_dir_x0_ac_real:c_opb_clk_period_ps. Top-level frequency could not be
   propagated to this IP. Please make sure that you have specified the frequency
   of the top-level clock port, and that the clocks are properly connected.
INFO:EDK:1038 - Did not implement clock DRCs for parameter:
   baopoco_dir_x0_ac1_imag:c_opb_clk_period_ps. Top-level frequency could not be
   propagated to this IP. Please make sure that you have specified the frequency
   of the top-level clock port, and that the clocks are properly connected.
INFO:EDK:1038 - Did not implement clock DRCs for parameter:
   baopoco_dir_x0_ac1_real:c_opb_clk_period_ps. Top-level frequency could not be
   propagated to this IP. Please make sure that you have specified the frequency
   of the top-level clock port, and that the clocks are properly connected.
INFO:EDK:1038 - Did not implement clock DRCs for parameter:
   baopoco_dir_x0_ac2_imag:c_opb_clk_period_ps. Top-level frequency could not be
   propagated to this IP. Please make sure that you have specified the frequency
   of the top-level clock port, and that the clocks are properly connected.
INFO:EDK:1038 - Did not implement clock DRCs for parameter:
   baopoco_dir_x0_ac2_real:c_opb_clk_period_ps. Top-level frequency could not be
   propagated to this IP. Please make sure that you have specified the frequency
   of the top-level clock port, and that the clocks are properly connected.
INFO:EDK:1038 - Did not implement clock DRCs for parameter:
   baopoco_dir_x0_ac3_imag:c_opb_clk_period_ps. Top-level frequency could not be
   propagated to this IP. Please make sure that you have specified the frequency
   of the top-level clock port, and that the clocks are properly connected.
INFO:EDK:1038 - Did not implement clock DRCs for parameter:
   baopoco_dir_x0_ac3_real:c_opb_clk_period_ps. Top-level frequency could not be
   propagated to this IP. Please make sure that you have specified the frequency
   of the top-level clock port, and that the clocks are properly connected.
INFO:EDK:1038 - Did not implement clock DRCs for parameter:
   baopoco_dir_x0_ad_imag:c_opb_clk_period_ps. Top-level frequency could not be
   propagated to this IP. Please make sure that you have specified the frequency
   of the top-level clock port, and that the clocks are properly connected.
INFO:EDK:1038 - Did not implement clock DRCs for parameter:
   baopoco_dir_x0_ad_real:c_opb_clk_period_ps. Top-level frequency could not be
   propagated to this IP. Please make sure that you have specified the frequency
   of the top-level clock port, and that the clocks are properly connected.
INFO:EDK:1038 - Did not implement clock DRCs for parameter:
   baopoco_dir_x1_aa_real:c_opb_clk_period_ps. Top-level frequency could not be
   propagated to this IP. Please make sure that you have specified the frequency
   of the top-level clock port, and that the clocks are properly connected.
INFO:EDK:1038 - Did not implement clock DRCs for parameter:
   baopoco_dir_x1_aa1_real:c_opb_clk_period_ps. Top-level frequency could not be
   propagated to this IP. Please make sure that you have specified the frequency
   of the top-level clock port, and that the clocks are properly connected.
INFO:EDK:1038 - Did not implement clock DRCs for parameter:
   baopoco_dir_x1_aa2_real:c_opb_clk_period_ps. Top-level frequency could not be
   propagated to this IP. Please make sure that you have specified the frequency
   of the top-level clock port, and that the clocks are properly connected.
INFO:EDK:1038 - Did not implement clock DRCs for parameter:
   baopoco_dir_x1_aa3_real:c_opb_clk_period_ps. Top-level frequency could not be
   propagated to this IP. Please make sure that you have specified the frequency
   of the top-level clock port, and that the clocks are properly connected.
INFO:EDK:1038 - Did not implement clock DRCs for parameter:
   baopoco_dir_x1_ab_imag:c_opb_clk_period_ps. Top-level frequency could not be
   propagated to this IP. Please make sure that you have specified the frequency
   of the top-level clock port, and that the clocks are properly connected.
INFO:EDK:1038 - Did not implement clock DRCs for parameter:
   baopoco_dir_x1_ab_real:c_opb_clk_period_ps. Top-level frequency could not be
   propagated to this IP. Please make sure that you have specified the frequency
   of the top-level clock port, and that the clocks are properly connected.
INFO:EDK:1038 - Did not implement clock DRCs for parameter:
   baopoco_dir_x1_ac_imag:c_opb_clk_period_ps. Top-level frequency could not be
   propagated to this IP. Please make sure that you have specified the frequency
   of the top-level clock port, and that the clocks are properly connected.
INFO:EDK:1038 - Did not implement clock DRCs for parameter:
   baopoco_dir_x1_ac_real:c_opb_clk_period_ps. Top-level frequency could not be
   propagated to this IP. Please make sure that you have specified the frequency
   of the top-level clock port, and that the clocks are properly connected.
INFO:EDK:1038 - Did not implement clock DRCs for parameter:
   baopoco_dir_x1_ac1_imag:c_opb_clk_period_ps. Top-level frequency could not be
   propagated to this IP. Please make sure that you have specified the frequency
   of the top-level clock port, and that the clocks are properly connected.
INFO:EDK:1038 - Did not implement clock DRCs for parameter:
   baopoco_dir_x1_ac1_real:c_opb_clk_period_ps. Top-level frequency could not be
   propagated to this IP. Please make sure that you have specified the frequency
   of the top-level clock port, and that the clocks are properly connected.
INFO:EDK:1038 - Did not implement clock DRCs for parameter:
   baopoco_dir_x1_ac2_imag:c_opb_clk_period_ps. Top-level frequency could not be
   propagated to this IP. Please make sure that you have specified the frequency
   of the top-level clock port, and that the clocks are properly connected.
INFO:EDK:1038 - Did not implement clock DRCs for parameter:
   baopoco_dir_x1_ac2_real:c_opb_clk_period_ps. Top-level frequency could not be
   propagated to this IP. Please make sure that you have specified the frequency
   of the top-level clock port, and that the clocks are properly connected.
INFO:EDK:1038 - Did not implement clock DRCs for parameter:
   baopoco_dir_x1_ac3_imag:c_opb_clk_period_ps. Top-level frequency could not be
   propagated to this IP. Please make sure that you have specified the frequency
   of the top-level clock port, and that the clocks are properly connected.
INFO:EDK:1038 - Did not implement clock DRCs for parameter:
   baopoco_dir_x1_ac3_real:c_opb_clk_period_ps. Top-level frequency could not be
   propagated to this IP. Please make sure that you have specified the frequency
   of the top-level clock port, and that the clocks are properly connected.
INFO:EDK:1038 - Did not implement clock DRCs for parameter:
   baopoco_dir_x1_ad_imag:c_opb_clk_period_ps. Top-level frequency could not be
   propagated to this IP. Please make sure that you have specified the frequency
   of the top-level clock port, and that the clocks are properly connected.
INFO:EDK:1038 - Did not implement clock DRCs for parameter:
   baopoco_dir_x1_ad_real:c_opb_clk_period_ps. Top-level frequency could not be
   propagated to this IP. Please make sure that you have specified the frequency
   of the top-level clock port, and that the clocks are properly connected.

Performing Reset DRCs...

Overriding system level properties...

Running system level update procedures...

Running UPDATE Tcl procedures for OPTION SYSLEVEL_UPDATE_PROC...

Running system level DRCs...

Performing System level DRCs on properties...

Running DRC Tcl procedures for OPTION SYSLEVEL_DRC_PROC...

Running UPDATE Tcl procedures for OPTION PLATGEN_SYSLEVEL_UPDATE_PROC...

Modify defaults ...

Creating stub ...

Processing licensed instances ...
Completion time: 0.00 seconds

Creating hardware output directories ...

Managing hardware (BBD-specified) netlist files ...
IPNAME:baopoco INSTANCE:baopoco_xsg_core_config -
/scratch/zaki/workspace/baopoco/XPS_ROACH_base/system.mhs line 215 - Copying
(BBD-specified) netlist files.
IPNAME:adc_interface INSTANCE:baopoco_adc -
/scratch/zaki/workspace/baopoco/XPS_ROACH_base/system.mhs line 440 - Copying
(BBD-specified) netlist files.
IPNAME:adc_interface INSTANCE:baopoco_adc1 -
/scratch/zaki/workspace/baopoco/XPS_ROACH_base/system.mhs line 511 - Copying
(BBD-specified) netlist files.

Managing cache ...

Elaborating instances ...
IPNAME:bram_block INSTANCE:baopoco_dir_x0_aa_real_ramblk -
/scratch/zaki/workspace/baopoco/XPS_ROACH_base/system.mhs line 702 - elaborating
IP
IPNAME:bram_block INSTANCE:baopoco_dir_x0_aa1_real_ramblk -
/scratch/zaki/workspace/baopoco/XPS_ROACH_base/system.mhs line 733 - elaborating
IP
IPNAME:bram_block INSTANCE:baopoco_dir_x0_aa2_real_ramblk -
/scratch/zaki/workspace/baopoco/XPS_ROACH_base/system.mhs line 764 - elaborating
IP
IPNAME:bram_block INSTANCE:baopoco_dir_x0_aa3_real_ramblk -
/scratch/zaki/workspace/baopoco/XPS_ROACH_base/system.mhs line 795 - elaborating
IP
IPNAME:bram_block INSTANCE:baopoco_dir_x0_ab_imag_ramblk -
/scratch/zaki/workspace/baopoco/XPS_ROACH_base/system.mhs line 826 - elaborating
IP
IPNAME:bram_block INSTANCE:baopoco_dir_x0_ab_real_ramblk -
/scratch/zaki/workspace/baopoco/XPS_ROACH_base/system.mhs line 857 - elaborating
IP
IPNAME:bram_block INSTANCE:baopoco_dir_x0_ac_imag_ramblk -
/scratch/zaki/workspace/baopoco/XPS_ROACH_base/system.mhs line 888 - elaborating
IP
IPNAME:bram_block INSTANCE:baopoco_dir_x0_ac_real_ramblk -
/scratch/zaki/workspace/baopoco/XPS_ROACH_base/system.mhs line 919 - elaborating
IP
IPNAME:bram_block INSTANCE:baopoco_dir_x0_ac1_imag_ramblk -
/scratch/zaki/workspace/baopoco/XPS_ROACH_base/system.mhs line 950 - elaborating
IP
IPNAME:bram_block INSTANCE:baopoco_dir_x0_ac1_real_ramblk -
/scratch/zaki/workspace/baopoco/XPS_ROACH_base/system.mhs line 981 - elaborating
IP
IPNAME:bram_block INSTANCE:baopoco_dir_x0_ac2_imag_ramblk -
/scratch/zaki/workspace/baopoco/XPS_ROACH_base/system.mhs line 1012 -
elaborating IP
IPNAME:bram_block INSTANCE:baopoco_dir_x0_ac2_real_ramblk -
/scratch/zaki/workspace/baopoco/XPS_ROACH_base/system.mhs line 1043 -
elaborating IP
IPNAME:bram_block INSTANCE:baopoco_dir_x0_ac3_imag_ramblk -
/scratch/zaki/workspace/baopoco/XPS_ROACH_base/system.mhs line 1074 -
elaborating IP
IPNAME:bram_block INSTANCE:baopoco_dir_x0_ac3_real_ramblk -
/scratch/zaki/workspace/baopoco/XPS_ROACH_base/system.mhs line 1105 -
elaborating IP
IPNAME:bram_block INSTANCE:baopoco_dir_x0_ad_imag_ramblk -
/scratch/zaki/workspace/baopoco/XPS_ROACH_base/system.mhs line 1136 -
elaborating IP
IPNAME:bram_block INSTANCE:baopoco_dir_x0_ad_real_ramblk -
/scratch/zaki/workspace/baopoco/XPS_ROACH_base/system.mhs line 1167 -
elaborating IP
IPNAME:bram_block INSTANCE:baopoco_dir_x1_aa_real_ramblk -
/scratch/zaki/workspace/baopoco/XPS_ROACH_base/system.mhs line 1198 -
elaborating IP
IPNAME:bram_block INSTANCE:baopoco_dir_x1_aa1_real_ramblk -
/scratch/zaki/workspace/baopoco/XPS_ROACH_base/system.mhs line 1229 -
elaborating IP
IPNAME:bram_block INSTANCE:baopoco_dir_x1_aa2_real_ramblk -
/scratch/zaki/workspace/baopoco/XPS_ROACH_base/system.mhs line 1260 -
elaborating IP
IPNAME:bram_block INSTANCE:baopoco_dir_x1_aa3_real_ramblk -
/scratch/zaki/workspace/baopoco/XPS_ROACH_base/system.mhs line 1291 -
elaborating IP
IPNAME:bram_block INSTANCE:baopoco_dir_x1_ab_imag_ramblk -
/scratch/zaki/workspace/baopoco/XPS_ROACH_base/system.mhs line 1322 -
elaborating IP
IPNAME:bram_block INSTANCE:baopoco_dir_x1_ab_real_ramblk -
/scratch/zaki/workspace/baopoco/XPS_ROACH_base/system.mhs line 1353 -
elaborating IP
IPNAME:bram_block INSTANCE:baopoco_dir_x1_ac_imag_ramblk -
/scratch/zaki/workspace/baopoco/XPS_ROACH_base/system.mhs line 1384 -
elaborating IP
IPNAME:bram_block INSTANCE:baopoco_dir_x1_ac_real_ramblk -
/scratch/zaki/workspace/baopoco/XPS_ROACH_base/system.mhs line 1415 -
elaborating IP
IPNAME:bram_block INSTANCE:baopoco_dir_x1_ac1_imag_ramblk -
/scratch/zaki/workspace/baopoco/XPS_ROACH_base/system.mhs line 1446 -
elaborating IP
IPNAME:bram_block INSTANCE:baopoco_dir_x1_ac1_real_ramblk -
/scratch/zaki/workspace/baopoco/XPS_ROACH_base/system.mhs line 1477 -
elaborating IP
IPNAME:bram_block INSTANCE:baopoco_dir_x1_ac2_imag_ramblk -
/scratch/zaki/workspace/baopoco/XPS_ROACH_base/system.mhs line 1508 -
elaborating IP
IPNAME:bram_block INSTANCE:baopoco_dir_x1_ac2_real_ramblk -
/scratch/zaki/workspace/baopoco/XPS_ROACH_base/system.mhs line 1539 -
elaborating IP
IPNAME:bram_block INSTANCE:baopoco_dir_x1_ac3_imag_ramblk -
/scratch/zaki/workspace/baopoco/XPS_ROACH_base/system.mhs line 1570 -
elaborating IP
IPNAME:bram_block INSTANCE:baopoco_dir_x1_ac3_real_ramblk -
/scratch/zaki/workspace/baopoco/XPS_ROACH_base/system.mhs line 1601 -
elaborating IP
IPNAME:bram_block INSTANCE:baopoco_dir_x1_ad_imag_ramblk -
/scratch/zaki/workspace/baopoco/XPS_ROACH_base/system.mhs line 1632 -
elaborating IP
IPNAME:bram_block INSTANCE:baopoco_dir_x1_ad_real_ramblk -
/scratch/zaki/workspace/baopoco/XPS_ROACH_base/system.mhs line 1663 -
elaborating IP

Writing HDL for elaborated instances ...

Inserting wrapper level ...
Completion time: 0.00 seconds

Constructing platform-level connectivity ...
Completion time: 3.00 seconds

Writing (top-level) BMM ...

Writing (top-level and wrappers) HDL ...

Generating synthesis project file ...

Running XST synthesis ...

INFO:EDK:2502 - The following instances are synthesized with XST. The MPD option
   IMP_NETLIST=TRUE indicates that a NGC file is to be produced using XST
   synthesis. IMP_NETLIST=FALSE (default) instances are not synthesized. 
INSTANCE:infrastructure_inst -
/scratch/zaki/workspace/baopoco/XPS_ROACH_base/system.mhs line 52 - Running XST
synthesis
INSTANCE:reset_block_inst -
/scratch/zaki/workspace/baopoco/XPS_ROACH_base/system.mhs line 92 - Running XST
synthesis
INSTANCE:opb0 - /scratch/zaki/workspace/baopoco/XPS_ROACH_base/system.mhs line
103 - Running XST synthesis
INSTANCE:epb_opb_bridge_inst -
/scratch/zaki/workspace/baopoco/XPS_ROACH_base/system.mhs line 112 - Running XST
synthesis
INSTANCE:epb_infrastructure_inst -
/scratch/zaki/workspace/baopoco/XPS_ROACH_base/system.mhs line 131 - Running XST
synthesis
INSTANCE:sys_block_inst -
/scratch/zaki/workspace/baopoco/XPS_ROACH_base/system.mhs line 156 - Running XST
synthesis
INSTANCE:opb_adccontroller_0 -
/scratch/zaki/workspace/baopoco/XPS_ROACH_base/system.mhs line 178 - Running XST
synthesis
INSTANCE:baopoco_xsg_core_config -
/scratch/zaki/workspace/baopoco/XPS_ROACH_base/system.mhs line 215 - Running XST
synthesis
INSTANCE:baopoco_acc_len -
/scratch/zaki/workspace/baopoco/XPS_ROACH_base/system.mhs line 416 - Running XST
synthesis
INSTANCE:baopoco_acc_num -
/scratch/zaki/workspace/baopoco/XPS_ROACH_base/system.mhs line 428 - Running XST
synthesis
INSTANCE:baopoco_adc - /scratch/zaki/workspace/baopoco/XPS_ROACH_base/system.mhs
line 440 - Running XST synthesis
INSTANCE:baopoco_adc1 -
/scratch/zaki/workspace/baopoco/XPS_ROACH_base/system.mhs line 511 - Running XST
synthesis
INSTANCE:baopoco_adc_sum0 -
/scratch/zaki/workspace/baopoco/XPS_ROACH_base/system.mhs line 582 - Running XST
synthesis
INSTANCE:baopoco_adc_sum1 -
/scratch/zaki/workspace/baopoco/XPS_ROACH_base/system.mhs line 594 - Running XST
synthesis
INSTANCE:baopoco_adc_sum2 -
/scratch/zaki/workspace/baopoco/XPS_ROACH_base/system.mhs line 606 - Running XST
synthesis
INSTANCE:baopoco_adc_sum3 -
/scratch/zaki/workspace/baopoco/XPS_ROACH_base/system.mhs line 618 - Running XST
synthesis
INSTANCE:baopoco_adc_sum_sq0 -
/scratch/zaki/workspace/baopoco/XPS_ROACH_base/system.mhs line 630 - Running XST
synthesis
INSTANCE:baopoco_adc_sum_sq1 -
/scratch/zaki/workspace/baopoco/XPS_ROACH_base/system.mhs line 642 - Running XST
synthesis
INSTANCE:baopoco_adc_sum_sq2 -
/scratch/zaki/workspace/baopoco/XPS_ROACH_base/system.mhs line 654 - Running XST
synthesis
INSTANCE:baopoco_adc_sum_sq3 -
/scratch/zaki/workspace/baopoco/XPS_ROACH_base/system.mhs line 666 - Running XST
synthesis
INSTANCE:baopoco_ctrl -
/scratch/zaki/workspace/baopoco/XPS_ROACH_base/system.mhs line 678 - Running XST
synthesis
INSTANCE:baopoco_dir_x0_aa_real_ramif -
/scratch/zaki/workspace/baopoco/XPS_ROACH_base/system.mhs line 690 - Running XST
synthesis
INSTANCE:baopoco_dir_x0_aa_real_ramblk -
/scratch/zaki/workspace/baopoco/XPS_ROACH_base/system.mhs line 702 - Running XST
synthesis
INSTANCE:baopoco_dir_x0_aa_real -
/scratch/zaki/workspace/baopoco/XPS_ROACH_base/system.mhs line 709 - Running XST
synthesis
INSTANCE:baopoco_dir_x0_aa1_real_ramif -
/scratch/zaki/workspace/baopoco/XPS_ROACH_base/system.mhs line 721 - Running XST
synthesis
INSTANCE:baopoco_dir_x0_aa1_real_ramblk -
/scratch/zaki/workspace/baopoco/XPS_ROACH_base/system.mhs line 733 - Running XST
synthesis
INSTANCE:baopoco_dir_x0_aa1_real -
/scratch/zaki/workspace/baopoco/XPS_ROACH_base/system.mhs line 740 - Running XST
synthesis
INSTANCE:baopoco_dir_x0_aa2_real_ramif -
/scratch/zaki/workspace/baopoco/XPS_ROACH_base/system.mhs line 752 - Running XST
synthesis
INSTANCE:baopoco_dir_x0_aa2_real_ramblk -
/scratch/zaki/workspace/baopoco/XPS_ROACH_base/system.mhs line 764 - Running XST
synthesis
INSTANCE:baopoco_dir_x0_aa2_real -
/scratch/zaki/workspace/baopoco/XPS_ROACH_base/system.mhs line 771 - Running XST
synthesis
INSTANCE:baopoco_dir_x0_aa3_real_ramif -
/scratch/zaki/workspace/baopoco/XPS_ROACH_base/system.mhs line 783 - Running XST
synthesis
INSTANCE:baopoco_dir_x0_aa3_real_ramblk -
/scratch/zaki/workspace/baopoco/XPS_ROACH_base/system.mhs line 795 - Running XST
synthesis
INSTANCE:baopoco_dir_x0_aa3_real -
/scratch/zaki/workspace/baopoco/XPS_ROACH_base/system.mhs line 802 - Running XST
synthesis
INSTANCE:baopoco_dir_x0_ab_imag_ramif -
/scratch/zaki/workspace/baopoco/XPS_ROACH_base/system.mhs line 814 - Running XST
synthesis
INSTANCE:baopoco_dir_x0_ab_imag_ramblk -
/scratch/zaki/workspace/baopoco/XPS_ROACH_base/system.mhs line 826 - Running XST
synthesis
INSTANCE:baopoco_dir_x0_ab_imag -
/scratch/zaki/workspace/baopoco/XPS_ROACH_base/system.mhs line 833 - Running XST
synthesis
INSTANCE:baopoco_dir_x0_ab_real_ramif -
/scratch/zaki/workspace/baopoco/XPS_ROACH_base/system.mhs line 845 - Running XST
synthesis
INSTANCE:baopoco_dir_x0_ab_real_ramblk -
/scratch/zaki/workspace/baopoco/XPS_ROACH_base/system.mhs line 857 - Running XST
synthesis
INSTANCE:baopoco_dir_x0_ab_real -
/scratch/zaki/workspace/baopoco/XPS_ROACH_base/system.mhs line 864 - Running XST
synthesis
INSTANCE:baopoco_dir_x0_ac_imag_ramif -
/scratch/zaki/workspace/baopoco/XPS_ROACH_base/system.mhs line 876 - Running XST
synthesis
INSTANCE:baopoco_dir_x0_ac_imag_ramblk -
/scratch/zaki/workspace/baopoco/XPS_ROACH_base/system.mhs line 888 - Running XST
synthesis
INSTANCE:baopoco_dir_x0_ac_imag -
/scratch/zaki/workspace/baopoco/XPS_ROACH_base/system.mhs line 895 - Running XST
synthesis
INSTANCE:baopoco_dir_x0_ac_real_ramif -
/scratch/zaki/workspace/baopoco/XPS_ROACH_base/system.mhs line 907 - Running XST
synthesis
INSTANCE:baopoco_dir_x0_ac_real_ramblk -
/scratch/zaki/workspace/baopoco/XPS_ROACH_base/system.mhs line 919 - Running XST
synthesis
INSTANCE:baopoco_dir_x0_ac_real -
/scratch/zaki/workspace/baopoco/XPS_ROACH_base/system.mhs line 926 - Running XST
synthesis
INSTANCE:baopoco_dir_x0_ac1_imag_ramif -
/scratch/zaki/workspace/baopoco/XPS_ROACH_base/system.mhs line 938 - Running XST
synthesis
INSTANCE:baopoco_dir_x0_ac1_imag_ramblk -
/scratch/zaki/workspace/baopoco/XPS_ROACH_base/system.mhs line 950 - Running XST
synthesis
INSTANCE:baopoco_dir_x0_ac1_imag -
/scratch/zaki/workspace/baopoco/XPS_ROACH_base/system.mhs line 957 - Running XST
synthesis
INSTANCE:baopoco_dir_x0_ac1_real_ramif -
/scratch/zaki/workspace/baopoco/XPS_ROACH_base/system.mhs line 969 - Running XST
synthesis
INSTANCE:baopoco_dir_x0_ac1_real_ramblk -
/scratch/zaki/workspace/baopoco/XPS_ROACH_base/system.mhs line 981 - Running XST
synthesis
INSTANCE:baopoco_dir_x0_ac1_real -
/scratch/zaki/workspace/baopoco/XPS_ROACH_base/system.mhs line 988 - Running XST
synthesis
INSTANCE:baopoco_dir_x0_ac2_imag_ramif -
/scratch/zaki/workspace/baopoco/XPS_ROACH_base/system.mhs line 1000 - Running
XST synthesis
INSTANCE:baopoco_dir_x0_ac2_imag_ramblk -
/scratch/zaki/workspace/baopoco/XPS_ROACH_base/system.mhs line 1012 - Running
XST synthesis
INSTANCE:baopoco_dir_x0_ac2_imag -
/scratch/zaki/workspace/baopoco/XPS_ROACH_base/system.mhs line 1019 - Running
XST synthesis
INSTANCE:baopoco_dir_x0_ac2_real_ramif -
/scratch/zaki/workspace/baopoco/XPS_ROACH_base/system.mhs line 1031 - Running
XST synthesis
INSTANCE:baopoco_dir_x0_ac2_real_ramblk -
/scratch/zaki/workspace/baopoco/XPS_ROACH_base/system.mhs line 1043 - Running
XST synthesis
INSTANCE:baopoco_dir_x0_ac2_real -
/scratch/zaki/workspace/baopoco/XPS_ROACH_base/system.mhs line 1050 - Running
XST synthesis
INSTANCE:baopoco_dir_x0_ac3_imag_ramif -
/scratch/zaki/workspace/baopoco/XPS_ROACH_base/system.mhs line 1062 - Running
XST synthesis
INSTANCE:baopoco_dir_x0_ac3_imag_ramblk -
/scratch/zaki/workspace/baopoco/XPS_ROACH_base/system.mhs line 1074 - Running
XST synthesis
INSTANCE:baopoco_dir_x0_ac3_imag -
/scratch/zaki/workspace/baopoco/XPS_ROACH_base/system.mhs line 1081 - Running
XST synthesis
INSTANCE:baopoco_dir_x0_ac3_real_ramif -
/scratch/zaki/workspace/baopoco/XPS_ROACH_base/system.mhs line 1093 - Running
XST synthesis
INSTANCE:baopoco_dir_x0_ac3_real_ramblk -
/scratch/zaki/workspace/baopoco/XPS_ROACH_base/system.mhs line 1105 - Running
XST synthesis
INSTANCE:baopoco_dir_x0_ac3_real -
/scratch/zaki/workspace/baopoco/XPS_ROACH_base/system.mhs line 1112 - Running
XST synthesis
INSTANCE:baopoco_dir_x0_ad_imag_ramif -
/scratch/zaki/workspace/baopoco/XPS_ROACH_base/system.mhs line 1124 - Running
XST synthesis
INSTANCE:baopoco_dir_x0_ad_imag_ramblk -
/scratch/zaki/workspace/baopoco/XPS_ROACH_base/system.mhs line 1136 - Running
XST synthesis
INSTANCE:baopoco_dir_x0_ad_imag -
/scratch/zaki/workspace/baopoco/XPS_ROACH_base/system.mhs line 1143 - Running
XST synthesis
INSTANCE:baopoco_dir_x0_ad_real_ramif -
/scratch/zaki/workspace/baopoco/XPS_ROACH_base/system.mhs line 1155 - Running
XST synthesis
INSTANCE:baopoco_dir_x0_ad_real_ramblk -
/scratch/zaki/workspace/baopoco/XPS_ROACH_base/system.mhs line 1167 - Running
XST synthesis
INSTANCE:baopoco_dir_x0_ad_real -
/scratch/zaki/workspace/baopoco/XPS_ROACH_base/system.mhs line 1174 - Running
XST synthesis
INSTANCE:baopoco_dir_x1_aa_real_ramif -
/scratch/zaki/workspace/baopoco/XPS_ROACH_base/system.mhs line 1186 - Running
XST synthesis
INSTANCE:baopoco_dir_x1_aa_real_ramblk -
/scratch/zaki/workspace/baopoco/XPS_ROACH_base/system.mhs line 1198 - Running
XST synthesis
INSTANCE:baopoco_dir_x1_aa_real -
/scratch/zaki/workspace/baopoco/XPS_ROACH_base/system.mhs line 1205 - Running
XST synthesis
INSTANCE:baopoco_dir_x1_aa1_real_ramif -
/scratch/zaki/workspace/baopoco/XPS_ROACH_base/system.mhs line 1217 - Running
XST synthesis
INSTANCE:baopoco_dir_x1_aa1_real_ramblk -
/scratch/zaki/workspace/baopoco/XPS_ROACH_base/system.mhs line 1229 - Running
XST synthesis
INSTANCE:baopoco_dir_x1_aa1_real -
/scratch/zaki/workspace/baopoco/XPS_ROACH_base/system.mhs line 1236 - Running
XST synthesis
INSTANCE:baopoco_dir_x1_aa2_real_ramif -
/scratch/zaki/workspace/baopoco/XPS_ROACH_base/system.mhs line 1248 - Running
XST synthesis
INSTANCE:baopoco_dir_x1_aa2_real_ramblk -
/scratch/zaki/workspace/baopoco/XPS_ROACH_base/system.mhs line 1260 - Running
XST synthesis
INSTANCE:baopoco_dir_x1_aa2_real -
/scratch/zaki/workspace/baopoco/XPS_ROACH_base/system.mhs line 1267 - Running
XST synthesis
INSTANCE:baopoco_dir_x1_aa3_real_ramif -
/scratch/zaki/workspace/baopoco/XPS_ROACH_base/system.mhs line 1279 - Running
XST synthesis
INSTANCE:baopoco_dir_x1_aa3_real_ramblk -
/scratch/zaki/workspace/baopoco/XPS_ROACH_base/system.mhs line 1291 - Running
XST synthesis
INSTANCE:baopoco_dir_x1_aa3_real -
/scratch/zaki/workspace/baopoco/XPS_ROACH_base/system.mhs line 1298 - Running
XST synthesis
INSTANCE:baopoco_dir_x1_ab_imag_ramif -
/scratch/zaki/workspace/baopoco/XPS_ROACH_base/system.mhs line 1310 - Running
XST synthesis
INSTANCE:baopoco_dir_x1_ab_imag_ramblk -
/scratch/zaki/workspace/baopoco/XPS_ROACH_base/system.mhs line 1322 - Running
XST synthesis
INSTANCE:baopoco_dir_x1_ab_imag -
/scratch/zaki/workspace/baopoco/XPS_ROACH_base/system.mhs line 1329 - Running
XST synthesis
INSTANCE:baopoco_dir_x1_ab_real_ramif -
/scratch/zaki/workspace/baopoco/XPS_ROACH_base/system.mhs line 1341 - Running
XST synthesis
INSTANCE:baopoco_dir_x1_ab_real_ramblk -
/scratch/zaki/workspace/baopoco/XPS_ROACH_base/system.mhs line 1353 - Running
XST synthesis
INSTANCE:baopoco_dir_x1_ab_real -
/scratch/zaki/workspace/baopoco/XPS_ROACH_base/system.mhs line 1360 - Running
XST synthesis
INSTANCE:baopoco_dir_x1_ac_imag_ramif -
/scratch/zaki/workspace/baopoco/XPS_ROACH_base/system.mhs line 1372 - Running
XST synthesis
INSTANCE:baopoco_dir_x1_ac_imag_ramblk -
/scratch/zaki/workspace/baopoco/XPS_ROACH_base/system.mhs line 1384 - Running
XST synthesis
INSTANCE:baopoco_dir_x1_ac_imag -
/scratch/zaki/workspace/baopoco/XPS_ROACH_base/system.mhs line 1391 - Running
XST synthesis
INSTANCE:baopoco_dir_x1_ac_real_ramif -
/scratch/zaki/workspace/baopoco/XPS_ROACH_base/system.mhs line 1403 - Running
XST synthesis
INSTANCE:baopoco_dir_x1_ac_real_ramblk -
/scratch/zaki/workspace/baopoco/XPS_ROACH_base/system.mhs line 1415 - Running
XST synthesis
INSTANCE:baopoco_dir_x1_ac_real -
/scratch/zaki/workspace/baopoco/XPS_ROACH_base/system.mhs line 1422 - Running
XST synthesis
INSTANCE:baopoco_dir_x1_ac1_imag_ramif -
/scratch/zaki/workspace/baopoco/XPS_ROACH_base/system.mhs line 1434 - Running
XST synthesis
INSTANCE:baopoco_dir_x1_ac1_imag_ramblk -
/scratch/zaki/workspace/baopoco/XPS_ROACH_base/system.mhs line 1446 - Running
XST synthesis
INSTANCE:baopoco_dir_x1_ac1_imag -
/scratch/zaki/workspace/baopoco/XPS_ROACH_base/system.mhs line 1453 - Running
XST synthesis
INSTANCE:baopoco_dir_x1_ac1_real_ramif -
/scratch/zaki/workspace/baopoco/XPS_ROACH_base/system.mhs line 1465 - Running
XST synthesis
INSTANCE:baopoco_dir_x1_ac1_real_ramblk -
/scratch/zaki/workspace/baopoco/XPS_ROACH_base/system.mhs line 1477 - Running
XST synthesis
INSTANCE:baopoco_dir_x1_ac1_real -
/scratch/zaki/workspace/baopoco/XPS_ROACH_base/system.mhs line 1484 - Running
XST synthesis
INSTANCE:baopoco_dir_x1_ac2_imag_ramif -
/scratch/zaki/workspace/baopoco/XPS_ROACH_base/system.mhs line 1496 - Running
XST synthesis
INSTANCE:baopoco_dir_x1_ac2_imag_ramblk -
/scratch/zaki/workspace/baopoco/XPS_ROACH_base/system.mhs line 1508 - Running
XST synthesis
INSTANCE:baopoco_dir_x1_ac2_imag -
/scratch/zaki/workspace/baopoco/XPS_ROACH_base/system.mhs line 1515 - Running
XST synthesis
INSTANCE:baopoco_dir_x1_ac2_real_ramif -
/scratch/zaki/workspace/baopoco/XPS_ROACH_base/system.mhs line 1527 - Running
XST synthesis
INSTANCE:baopoco_dir_x1_ac2_real_ramblk -
/scratch/zaki/workspace/baopoco/XPS_ROACH_base/system.mhs line 1539 - Running
XST synthesis
INSTANCE:baopoco_dir_x1_ac2_real -
/scratch/zaki/workspace/baopoco/XPS_ROACH_base/system.mhs line 1546 - Running
XST synthesis
INSTANCE:baopoco_dir_x1_ac3_imag_ramif -
/scratch/zaki/workspace/baopoco/XPS_ROACH_base/system.mhs line 1558 - Running
XST synthesis
INSTANCE:baopoco_dir_x1_ac3_imag_ramblk -
/scratch/zaki/workspace/baopoco/XPS_ROACH_base/system.mhs line 1570 - Running
XST synthesis
INSTANCE:baopoco_dir_x1_ac3_imag -
/scratch/zaki/workspace/baopoco/XPS_ROACH_base/system.mhs line 1577 - Running
XST synthesis
INSTANCE:baopoco_dir_x1_ac3_real_ramif -
/scratch/zaki/workspace/baopoco/XPS_ROACH_base/system.mhs line 1589 - Running
XST synthesis
INSTANCE:baopoco_dir_x1_ac3_real_ramblk -
/scratch/zaki/workspace/baopoco/XPS_ROACH_base/system.mhs line 1601 - Running
XST synthesis
INSTANCE:baopoco_dir_x1_ac3_real -
/scratch/zaki/workspace/baopoco/XPS_ROACH_base/system.mhs line 1608 - Running
XST synthesis
INSTANCE:baopoco_dir_x1_ad_imag_ramif -
/scratch/zaki/workspace/baopoco/XPS_ROACH_base/system.mhs line 1620 - Running
XST synthesis
INSTANCE:baopoco_dir_x1_ad_imag_ramblk -
/scratch/zaki/workspace/baopoco/XPS_ROACH_base/system.mhs line 1632 - Running
XST synthesis
INSTANCE:baopoco_dir_x1_ad_imag -
/scratch/zaki/workspace/baopoco/XPS_ROACH_base/system.mhs line 1639 - Running
XST synthesis
INSTANCE:baopoco_dir_x1_ad_real_ramif -
/scratch/zaki/workspace/baopoco/XPS_ROACH_base/system.mhs line 1651 - Running
XST synthesis
INSTANCE:baopoco_dir_x1_ad_real_ramblk -
/scratch/zaki/workspace/baopoco/XPS_ROACH_base/system.mhs line 1663 - Running
XST synthesis
INSTANCE:baopoco_dir_x1_ad_real -
/scratch/zaki/workspace/baopoco/XPS_ROACH_base/system.mhs line 1670 - Running
XST synthesis
INSTANCE:baopoco_fft_shift -
/scratch/zaki/workspace/baopoco/XPS_ROACH_base/system.mhs line 1682 - Running
XST synthesis
INSTANCE:baopoco_led0_adc_clip -
/scratch/zaki/workspace/baopoco/XPS_ROACH_base/system.mhs line 1694 - Running
XST synthesis
INSTANCE:baopoco_led1_mrst -
/scratch/zaki/workspace/baopoco/XPS_ROACH_base/system.mhs line 1709 - Running
XST synthesis
INSTANCE:baopoco_led2_sync -
/scratch/zaki/workspace/baopoco/XPS_ROACH_base/system.mhs line 1724 - Running
XST synthesis
INSTANCE:baopoco_led3_new_acc -
/scratch/zaki/workspace/baopoco/XPS_ROACH_base/system.mhs line 1739 - Running
XST synthesis
INSTANCE:baopoco_quant0_addr -
/scratch/zaki/workspace/baopoco/XPS_ROACH_base/system.mhs line 1754 - Running
XST synthesis
INSTANCE:baopoco_quant0_gain -
/scratch/zaki/workspace/baopoco/XPS_ROACH_base/system.mhs line 1766 - Running
XST synthesis
INSTANCE:baopoco_quant1_addr -
/scratch/zaki/workspace/baopoco/XPS_ROACH_base/system.mhs line 1778 - Running
XST synthesis
INSTANCE:baopoco_quant1_gain -
/scratch/zaki/workspace/baopoco/XPS_ROACH_base/system.mhs line 1790 - Running
XST synthesis
INSTANCE:baopoco_quant2_addr -
/scratch/zaki/workspace/baopoco/XPS_ROACH_base/system.mhs line 1802 - Running
XST synthesis
INSTANCE:baopoco_quant2_gain -
/scratch/zaki/workspace/baopoco/XPS_ROACH_base/system.mhs line 1814 - Running
XST synthesis
INSTANCE:baopoco_quant3_addr -
/scratch/zaki/workspace/baopoco/XPS_ROACH_base/system.mhs line 1826 - Running
XST synthesis
INSTANCE:baopoco_quant3_gain -
/scratch/zaki/workspace/baopoco/XPS_ROACH_base/system.mhs line 1838 - Running
XST synthesis
INSTANCE:baopoco_status -
/scratch/zaki/workspace/baopoco/XPS_ROACH_base/system.mhs line 1850 - Running
XST synthesis
INSTANCE:opb1 - /scratch/zaki/workspace/baopoco/XPS_ROACH_base/system.mhs line
1862 - Running XST synthesis
INSTANCE:opb2opb_bridge_opb1 -
/scratch/zaki/workspace/baopoco/XPS_ROACH_base/system.mhs line 1870 - Running
XST synthesis

Running NGCBUILD ...
IPNAME:baopoco_xsg_core_config_wrapper INSTANCE:baopoco_xsg_core_config -
/scratch/zaki/workspace/baopoco/XPS_ROACH_base/system.mhs line 215 - Running
NGCBUILD
IPNAME:baopoco_adc_wrapper INSTANCE:baopoco_adc -
/scratch/zaki/workspace/baopoco/XPS_ROACH_base/system.mhs line 440 - Running
NGCBUILD
IPNAME:baopoco_adc1_wrapper INSTANCE:baopoco_adc1 -
/scratch/zaki/workspace/baopoco/XPS_ROACH_base/system.mhs line 511 - Running
NGCBUILD

Rebuilding cache ...

Total run time: 1668.00 seconds
