xlpersistentdff.ngc /scratch/zaki/workspace/baobab/roachf_1024_bao/sysgen/sysgen/perl_results.vhd addsb_11_0_e48e31d556a35f15.ngc cntr_11_0_e94528e03054f4e0.vhd cntr_11_0_59da7a7e9e683c63.vhd cntr_11_0_b9730cea34623a8b.ngc cntr_11_0_49c9a47affa95a54.vhd dmg_62_0a86efc0bb6fa1ec.mif cntr_11_0_9d1193ca144fd60c.ngc cntr_11_0_7310fc5156c4342e.ngc bmg_62_73edef83fb7839d9.ngc cntr_11_0_59da7a7e9e683c63.ngc cntr_11_0_813142b9460b2f27.vhd cntr_11_0_2b657e2d1d4c21af.ngc cntr_11_0_aecd98f86e85228c.vhd bmg_62_73edef83fb7839d9.mif cntr_11_0_511daee48ac62764.vhd cntr_11_0_520b146027c1d89b.ngc dmg_62_d4b1790d74a4992a.mif cntr_11_0_06789a19cedc7671.ngc cntr_11_0_7310fc5156c4342e.vhd bmg_62_bd93aafb66935d25.mif bmg_62_a60cf5549354b619.vhd cntr_11_0_2f4d5faecc7b9ee5.vhd cntr_11_0_813142b9460b2f27.ngc bmg_62_8b6902f70206a636.vhd bmg_62_45150160fbf326f2.ngc bmg_62_61722a40b5652b33.mif cntr_11_0_38c9cb0851a20d91.ngc cntr_11_0_75f1adc66a6c6121.vhd bmg_62_bd93aafb66935d25.ngc dmg_62_d4b1790d74a4992a.vhd cntr_11_0_2f4d5faecc7b9ee5.ngc bmg_62_73edef83fb7839d9.vhd cntr_11_0_56cea93c32f2afe9.ngc bmg_62_8b6902f70206a636.mif bmg_62_a60cf5549354b619.ngc cntr_11_0_06789a19cedc7671.vhd cntr_11_0_e9eaaa5672e4be4d.vhd dmg_62_29a7fd57730c35e5.vhd cntr_11_0_0c399983e369864b.ngc cntr_11_0_b9730cea34623a8b.vhd dmg_62_29a7fd57730c35e5.mif cntr_11_0_e9eaaa5672e4be4d.ngc bmg_62_8b6902f70206a636.ngc mult_11_2_d745d7ddd0aa234d.ngc dmg_62_0a86efc0bb6fa1ec.ngc bmg_62_61722a40b5652b33.ngc bmg_62_bd93aafb66935d25.vhd cntr_11_0_7ca694f8efe8d963.ngc cntr_11_0_9d1193ca144fd60c.vhd cntr_11_0_49c9a47affa95a54.ngc bmg_62_4780518c6f20c162.ngc bmg_62_4780518c6f20c162.mif bmg_62_45150160fbf326f2.vhd asr_11_0_baa2205482699974.ngc addsb_11_0_e48e31d556a35f15.vhd cntr_11_0_511daee48ac62764.ngc cntr_11_0_aecd98f86e85228c.ngc cntr_11_0_92cf1c8e61537910.vhd cntr_11_0_7ca694f8efe8d963.vhd cntr_11_0_2b657e2d1d4c21af.vhd bmg_62_4780518c6f20c162.vhd dmg_62_0a86efc0bb6fa1ec.vhd asr_11_0_baa2205482699974.mif bmg_62_45150160fbf326f2.mif asr_11_0_baa2205482699974.vhd bmg_62_61722a40b5652b33.vhd cntr_11_0_e94528e03054f4e0.ngc dmg_62_d4b1790d74a4992a.ngc cntr_11_0_92cf1c8e61537910.ngc cntr_11_0_38c9cb0851a20d91.vhd mult_11_2_d745d7ddd0aa234d.vhd cntr_11_0_520b146027c1d89b.vhd dmg_62_29a7fd57730c35e5.ngc cntr_11_0_0c399983e369864b.vhd bmg_62_a60cf5549354b619.mif cntr_11_0_56cea93c32f2afe9.vhd cntr_11_0_75f1adc66a6c6121.ngc nonleaf_results.vhd synopsis
opened file roachf_1024_bao.vhd
copied cntr_11_0_e94528e03054f4e0.vhd
copied cntr_11_0_59da7a7e9e683c63.vhd
copied cntr_11_0_49c9a47affa95a54.vhd
copied cntr_11_0_813142b9460b2f27.vhd
copied cntr_11_0_aecd98f86e85228c.vhd
copied cntr_11_0_511daee48ac62764.vhd
copied cntr_11_0_7310fc5156c4342e.vhd
copied bmg_62_a60cf5549354b619.vhd
copied cntr_11_0_2f4d5faecc7b9ee5.vhd
copied bmg_62_8b6902f70206a636.vhd
copied cntr_11_0_75f1adc66a6c6121.vhd
copied dmg_62_d4b1790d74a4992a.vhd
copied bmg_62_73edef83fb7839d9.vhd
copied cntr_11_0_06789a19cedc7671.vhd
copied cntr_11_0_e9eaaa5672e4be4d.vhd
copied dmg_62_29a7fd57730c35e5.vhd
copied cntr_11_0_b9730cea34623a8b.vhd
copied bmg_62_bd93aafb66935d25.vhd
copied cntr_11_0_9d1193ca144fd60c.vhd
copied bmg_62_45150160fbf326f2.vhd
copied addsb_11_0_e48e31d556a35f15.vhd
copied cntr_11_0_92cf1c8e61537910.vhd
copied cntr_11_0_7ca694f8efe8d963.vhd
copied cntr_11_0_2b657e2d1d4c21af.vhd
copied bmg_62_4780518c6f20c162.vhd
copied dmg_62_0a86efc0bb6fa1ec.vhd
copied asr_11_0_baa2205482699974.vhd
copied bmg_62_61722a40b5652b33.vhd
copied cntr_11_0_38c9cb0851a20d91.vhd
copied mult_11_2_d745d7ddd0aa234d.vhd
copied cntr_11_0_520b146027c1d89b.vhd
copied cntr_11_0_0c399983e369864b.vhd
copied cntr_11_0_56cea93c32f2afe9.vhd
copied /scratch/zaki/workspace/baobab/roachf_1024_bao/sysgen/sysgen/perl_results.vhd
copied nonleaf_results.vhd
