xlpersistentdff.ngc /scratch/zaki/workspace/baopoco/sysgen/sysgen/perl_results.vhd bmg_33_2619e307728164ad.mif cntr_11_0_9b19b69f1946892e.vhd bmg_33_d4c4723e07af3139.mif bmg_33_8885c1eef0f229b0.mif cntr_11_0_fb8caae5ebc5d253.ngc bmg_33_0f271527e63322ae.ngc bmg_33_2619e307728164ad.vhd bmg_33_3536f099f5b470e5.ngc bmg_33_f14ebd1f50b8aa2e.mif cntr_11_0_fb8caae5ebc5d253.v bmg_33_9ce1016fece5c206.v cntr_11_0_4766397a2cb82e6c.v cntr_11_0_8ce1eef9b3b41e0a.vhd dmg_43_99fb347770ea8e40.ngc bmg_33_1325b476538c741b.mif bmg_33_7b1af72e0df0a688.vhd bmg_33_1e456f34aa244a02.v dmg_43_53f87b14ea26f2c9.ngc bmg_33_7b1af72e0df0a688.v bmg_33_15bd501b7a688725.ngc bmg_33_8885c1eef0f229b0.v bmg_33_9ce1016fece5c206.mif bmg_33_634c918d29c53dc7.v bmg_33_15bd501b7a688725.v bmg_33_b6ba55dfff01bfa7.v bmg_33_b69a6630af1fcef6.ngc bmg_33_d4c4723e07af3139.ngc dmg_43_0c8b3d6f1ddea928.mif bmg_33_26dc396f9efdb19d.vhd bmg_33_91da2aa60c18a337.v bmg_33_f14ebd1f50b8aa2e.ngc cntr_11_0_87d335e994d59139.vhd bmg_33_6b8ccac7273df3c7.vhd dmg_43_2ed32a2fd073c158.vhd bmg_33_91847195d057e656.mif bmg_33_91847195d057e656.v bmg_33_d4c4723e07af3139.vhd bmg_33_634c918d29c53dc7.ngc bmg_33_b69a6630af1fcef6.mif bmg_33_99d2859e4f5c4884.ngc cntr_11_0_4766397a2cb82e6c.ngc cntr_11_0_8ce1eef9b3b41e0a.v bmg_33_91da2aa60c18a337.vhd bmg_33_26dc396f9efdb19d.mif dmg_43_6b984b7172c2a487.mif bmg_33_7b1af72e0df0a688.ngc cntr_11_0_717486a23436c11d.vhd bmg_33_77e902a23549a5af.mif cntr_11_0_717486a23436c11d.v bmg_33_00320b2c329850d2.mif cntr_11_0_2373afd2271385cb.ngc bmg_33_d0019849f5e57d19.ngc bmg_33_9ce1016fece5c206.vhd bmg_33_b69a6630af1fcef6.v bmg_33_6b8ccac7273df3c7.v bmg_33_27ce3fa8185857c8.mif bmg_33_91847195d057e656.vhd bmg_33_15bd501b7a688725.vhd bmg_33_2619e307728164ad.ngc bmg_33_77e902a23549a5af.vhd bmg_33_b6ba55dfff01bfa7.ngc bmg_33_27ce3fa8185857c8.ngc dmg_43_6b984b7172c2a487.ngc bmg_33_0f271527e63322ae.vhd bmg_33_d0019849f5e57d19.v bmg_33_b6ba55dfff01bfa7.vhd dmg_43_53f87b14ea26f2c9.mif cntr_11_0_78ff46b917fcba28.vhd bmg_33_1325b476538c741b.ngc bmg_33_91847195d057e656.ngc cntr_11_0_fb8caae5ebc5d253.vhd bmg_33_7b1af72e0df0a688.mif cntr_11_0_80bc1d6adf842981.ngc cntr_11_0_9b19b69f1946892e.v dmg_43_2ed32a2fd073c158.ngc dmg_43_0c8b3d6f1ddea928.ngc cntr_11_0_acf8df2a66449f86.v cntr_11_0_55d5b22cdc7ae682.vhd bmg_33_d4c4723e07af3139.v bmg_33_6b8ccac7273df3c7.ngc bmg_33_91da2aa60c18a337.ngc bmg_33_3799cc002d427b8c.mif bmg_33_99d2859e4f5c4884.vhd cntr_11_0_8ce1eef9b3b41e0a.ngc cntr_11_0_87d335e994d59139.v bmg_33_1e456f34aa244a02.ngc dmg_43_0c8b3d6f1ddea928.v cntr_11_0_87d335e994d59139.ngc dmg_43_2ed32a2fd073c158.v bmg_33_5dc95f5c2d6856d3.mif bmg_33_f14ebd1f50b8aa2e.v cntr_11_0_717486a23436c11d.ngc bmg_33_00320b2c329850d2.v cntr_11_0_acf8df2a66449f86.ngc bmg_33_1e456f34aa244a02.vhd cntr_11_0_ff97ccbfc301b4b4.v bmg_33_3536f099f5b470e5.v bmg_33_26dc396f9efdb19d.v bmg_33_2619e307728164ad.v dmg_43_99fb347770ea8e40.vhd cntr_11_0_9b3867ea8e1e20fc.v dmg_43_99fb347770ea8e40.mif cntr_11_0_c631a46f8a19a854.v bmg_33_0f271527e63322ae.mif cntr_11_0_acf8df2a66449f86.vhd dmg_43_23851da6123ff17d.ngc cntr_11_0_2373afd2271385cb.vhd bmg_33_6b8ccac7273df3c7.mif dmg_43_99fb347770ea8e40.v cntr_11_0_80bc1d6adf842981.v bmg_33_00320b2c329850d2.ngc dmg_43_23851da6123ff17d.mif bmg_33_e339bf6bf27d230b.mif bmg_33_1325b476538c741b.v bmg_33_8885c1eef0f229b0.vhd addsb_11_0_3d8b6b3fb1293645.ngc cntr_11_0_78ff46b917fcba28.v bmg_33_1325b476538c741b.vhd bmg_33_5dc95f5c2d6856d3.v bmg_33_e339bf6bf27d230b.vhd bmg_33_3536f099f5b470e5.vhd cntr_11_0_78ff46b917fcba28.ngc cntr_11_0_ff97ccbfc301b4b4.vhd bmg_33_3799cc002d427b8c.v bmg_33_1e456f34aa244a02.mif cntr_11_0_ff97ccbfc301b4b4.ngc cntr_11_0_c631a46f8a19a854.ngc dmg_43_6b984b7172c2a487.v bmg_33_0f271527e63322ae.v bmg_33_15bd501b7a688725.mif bmg_33_99d2859e4f5c4884.mif bmg_33_99d2859e4f5c4884.v cntr_11_0_55d5b22cdc7ae682.v dmg_43_53f87b14ea26f2c9.vhd bmg_33_3799cc002d427b8c.vhd bmg_33_69cf3e734d1f8889.v bmg_33_27ce3fa8185857c8.vhd dmg_43_23851da6123ff17d.v dmg_43_0c8b3d6f1ddea928.vhd bmg_33_27ce3fa8185857c8.v bmg_33_91da2aa60c18a337.mif cntr_11_0_2373afd2271385cb.v cntr_11_0_9b3867ea8e1e20fc.ngc addsb_11_0_3d8b6b3fb1293645.vhd cntr_11_0_55d5b22cdc7ae682.ngc cntr_11_0_9b19b69f1946892e.ngc cntr_11_0_80bc1d6adf842981.vhd bmg_33_f14ebd1f50b8aa2e.vhd bmg_33_00320b2c329850d2.vhd bmg_33_77e902a23549a5af.v bmg_33_26dc396f9efdb19d.ngc cntr_11_0_9b3867ea8e1e20fc.vhd bmg_33_8885c1eef0f229b0.ngc cntr_11_0_c631a46f8a19a854.vhd bmg_33_b69a6630af1fcef6.vhd dmg_43_23851da6123ff17d.vhd bmg_33_634c918d29c53dc7.vhd bmg_33_d0019849f5e57d19.vhd bmg_33_69cf3e734d1f8889.ngc dmg_43_6b984b7172c2a487.vhd bmg_33_69cf3e734d1f8889.mif bmg_33_3799cc002d427b8c.ngc bmg_33_77e902a23549a5af.ngc bmg_33_634c918d29c53dc7.mif bmg_33_69cf3e734d1f8889.vhd dmg_43_53f87b14ea26f2c9.v bmg_33_b6ba55dfff01bfa7.mif bmg_33_5dc95f5c2d6856d3.vhd bmg_33_9ce1016fece5c206.ngc cntr_11_0_4766397a2cb82e6c.vhd bmg_33_d0019849f5e57d19.mif dmg_43_2ed32a2fd073c158.mif bmg_33_3536f099f5b470e5.mif bmg_33_e339bf6bf27d230b.ngc bmg_33_e339bf6bf27d230b.v bmg_33_5dc95f5c2d6856d3.ngc addsb_11_0_3d8b6b3fb1293645.v nonleaf_results.vhd synopsis
opened file baopoco.vhd
copied cntr_11_0_9b19b69f1946892e.vhd
copied bmg_33_2619e307728164ad.vhd
copied cntr_11_0_8ce1eef9b3b41e0a.vhd
copied bmg_33_7b1af72e0df0a688.vhd
copied bmg_33_26dc396f9efdb19d.vhd
copied cntr_11_0_87d335e994d59139.vhd
copied bmg_33_6b8ccac7273df3c7.vhd
copied dmg_43_2ed32a2fd073c158.vhd
copied bmg_33_d4c4723e07af3139.vhd
copied bmg_33_91da2aa60c18a337.vhd
copied cntr_11_0_717486a23436c11d.vhd
copied bmg_33_9ce1016fece5c206.vhd
copied bmg_33_91847195d057e656.vhd
copied bmg_33_15bd501b7a688725.vhd
copied bmg_33_77e902a23549a5af.vhd
copied bmg_33_0f271527e63322ae.vhd
copied bmg_33_b6ba55dfff01bfa7.vhd
copied cntr_11_0_78ff46b917fcba28.vhd
copied cntr_11_0_fb8caae5ebc5d253.vhd
copied cntr_11_0_55d5b22cdc7ae682.vhd
copied bmg_33_99d2859e4f5c4884.vhd
copied bmg_33_1e456f34aa244a02.vhd
copied dmg_43_99fb347770ea8e40.vhd
copied cntr_11_0_acf8df2a66449f86.vhd
copied cntr_11_0_2373afd2271385cb.vhd
copied bmg_33_8885c1eef0f229b0.vhd
copied bmg_33_1325b476538c741b.vhd
copied bmg_33_e339bf6bf27d230b.vhd
copied bmg_33_3536f099f5b470e5.vhd
copied cntr_11_0_ff97ccbfc301b4b4.vhd
copied dmg_43_53f87b14ea26f2c9.vhd
copied bmg_33_3799cc002d427b8c.vhd
copied bmg_33_27ce3fa8185857c8.vhd
copied dmg_43_0c8b3d6f1ddea928.vhd
copied addsb_11_0_3d8b6b3fb1293645.vhd
copied cntr_11_0_80bc1d6adf842981.vhd
copied bmg_33_f14ebd1f50b8aa2e.vhd
copied bmg_33_00320b2c329850d2.vhd
copied cntr_11_0_9b3867ea8e1e20fc.vhd
copied cntr_11_0_c631a46f8a19a854.vhd
copied bmg_33_b69a6630af1fcef6.vhd
copied dmg_43_23851da6123ff17d.vhd
copied bmg_33_634c918d29c53dc7.vhd
copied bmg_33_d0019849f5e57d19.vhd
copied dmg_43_6b984b7172c2a487.vhd
copied bmg_33_69cf3e734d1f8889.vhd
copied bmg_33_5dc95f5c2d6856d3.vhd
copied cntr_11_0_4766397a2cb82e6c.vhd
copied /scratch/zaki/workspace/baopoco/sysgen/sysgen/perl_results.vhd
copied nonleaf_results.vhd
